#
# There is insufficient memory for the Java Runtime Environment to continue.
# Native memory allocation (malloc) failed to allocate 1048576 bytes for AllocateHeap
# Possible reasons:
#   The system is out of physical RAM or swap space
#   In 32 bit mode, the process size limit was hit
# Possible solutions:
#   Reduce memory load on the system
#   Increase physical memory or swap space
#   Check if swap backing store is full
#   Use 64 bit Java on a 64 bit OS
#   Decrease Java heap size (-Xmx/-Xms)
#   Decrease number of Java threads
#   Decrease Java thread stack sizes (-Xss)
#   Set larger code cache with -XX:ReservedCodeCacheSize=
# This output file may be truncated or incomplete.
#
#  Out of Memory Error (memory/allocation.inline.hpp:61), pid=2888, tid=3608
#
# JRE version:  (8.0_60-b27) (build )
# Java VM: Java HotSpot(TM) 64-Bit Server VM (25.60-b23 mixed mode windows-amd64 compressed oops)
# Failed to write core dump. Minidumps are not enabled by default on client versions of Windows
#

---------------  T H R E A D  ---------------

Current thread (0x0000000001eed800):  JavaThread "Unknown thread" [_thread_in_vm, id=3608, stack(0x0000000002220000,0x0000000002320000)]

Stack: [0x0000000002220000,0x0000000002320000]
[error occurred during error reporting (printing stack bounds), id 0xc0000005]

Native frames: (J=compiled Java code, j=interpreted, Vv=VM code, C=native code)


---------------  P R O C E S S  ---------------

Java Threads: ( => current thread )

Other Threads:

=>0x0000000001eed800 (exited) JavaThread "Unknown thread" [_thread_in_vm, id=3608, stack(0x0000000002220000,0x0000000002320000)]

VM state:not at safepoint (normal execution)

VM Mutex/Monitor currently owned by a thread: None

Heap:
 PSYoungGen      total 18944K, used 327K [0x00000000eab00000, 0x00000000ec000000, 0x0000000100000000)
  eden space 16384K, 2% used [0x00000000eab00000,0x00000000eab51ec8,0x00000000ebb00000)
  from space 2560K, 0% used [0x00000000ebd80000,0x00000000ebd80000,0x00000000ec000000)
  to   space 2560K, 0% used [0x00000000ebb00000,0x00000000ebb00000,0x00000000ebd80000)
 ParOldGen       total 44032K, used 0K [0x00000000c0000000, 0x00000000c2b00000, 0x00000000eab00000)
  object space 44032K, 0% used [0x00000000c0000000,0x00000000c0000000,0x00000000c2b00000)
 Metaspace       used 767K, capacity 4480K, committed 4480K, reserved 1056768K
  class space    used 75K, capacity 384K, committed 384K, reserved 1048576K

Card table byte_map: [0x00000000119b0000,0x0000000011bc0000] byte_map_base: 0x00000000113b0000

Marking Bits: (ParMarkBitMap*) 0x000000007399a5b0
 Begin Bits: [0x0000000011f40000, 0x0000000012f40000)
 End Bits:   [0x0000000012f40000, 0x0000000013f40000)

Polling page: 0x0000000000210000

CodeCache: size=245760Kb used=326Kb max_used=326Kb free=245433Kb
 bounds [0x00000000025f0000, 0x0000000002860000, 0x00000000115f0000]
 total_blobs=55 nmethods=0 adapters=37
 compilation: enabled

Compilation events (0 events):
No events

GC Heap History (0 events):
No events

Deoptimization events (0 events):
No events

Internal exceptions (0 events):
No events

Events (10 events):
Event: 0.017 loading class java/lang/Short
Event: 0.017 loading class java/lang/Short done
Event: 0.017 loading class java/lang/Integer
Event: 0.018 loading class java/lang/Integer done
Event: 0.018 loading class java/lang/Long
Event: 0.018 loading class java/lang/Long done
Event: 0.018 loading class java/lang/NullPointerException
Event: 0.018 loading class java/lang/NullPointerException done
Event: 0.018 loading class java/lang/ArithmeticException
Event: 0.018 loading class java/lang/ArithmeticException done


Dynamic libraries:
0x000000013fcb0000 - 0x000000013fce7000 	E:\jdk1.8.0_60\bin\java.exe
0x0000000077ac0000 - 0x0000000077c69000 	C:\Windows\SYSTEM32\ntdll.dll
0x00000000778a0000 - 0x00000000779bf000 	C:\Windows\system32\kernel32.dll
0x000007fefd990000 - 0x000007fefd9fb000 	C:\Windows\system32\KERNELBASE.dll
0x000007fefe8c0000 - 0x000007fefe99b000 	C:\Windows\system32\ADVAPI32.dll
0x000007fefe130000 - 0x000007fefe1cf000 	C:\Windows\system32\msvcrt.dll
0x000007fefeef0000 - 0x000007fefef0f000 	C:\Windows\SYSTEM32\sechost.dll
0x000007fefdd50000 - 0x000007fefde7d000 	C:\Windows\system32\RPCRT4.dll
0x00000000779c0000 - 0x0000000077aba000 	C:\Windows\system32\USER32.dll
0x000007fefe540000 - 0x000007fefe5a7000 	C:\Windows\system32\GDI32.dll
0x000007fefdca0000 - 0x000007fefdcae000 	C:\Windows\system32\LPK.dll
0x000007fefe310000 - 0x000007fefe3d9000 	C:\Windows\system32\USP10.dll
0x000007fefbf50000 - 0x000007fefc144000 	C:\Windows\WinSxS\amd64_microsoft.windows.common-controls_6595b64144ccf1df_6.0.7601.17514_none_fa396087175ac9ac\COMCTL32.dll
0x000007fefe290000 - 0x000007fefe301000 	C:\Windows\system32\SHLWAPI.dll
0x000007fefe250000 - 0x000007fefe27e000 	C:\Windows\system32\IMM32.DLL
0x000007feffcc0000 - 0x000007feffdc9000 	C:\Windows\system32\MSCTF.dll
0x0000000074bd0000 - 0x0000000074ca2000 	E:\jdk1.8.0_60\jre\bin\msvcr100.dll
0x0000000073190000 - 0x0000000073a19000 	E:\jdk1.8.0_60\jre\bin\server\jvm.dll
0x000007fefb380000 - 0x000007fefb389000 	C:\Windows\system32\WSOCK32.dll
0x000007fefecc0000 - 0x000007fefed0d000 	C:\Windows\system32\WS2_32.dll
0x000007fefe280000 - 0x000007fefe288000 	C:\Windows\system32\NSI.dll
0x000007feface0000 - 0x000007fefad1b000 	C:\Windows\system32\WINMM.dll
0x000007fefc9d0000 - 0x000007fefc9dc000 	C:\Windows\system32\VERSION.dll
0x0000000077c80000 - 0x0000000077c87000 	C:\Windows\system32\PSAPI.DLL
0x00000000750f0000 - 0x00000000750ff000 	E:\jdk1.8.0_60\jre\bin\verify.dll
0x00000000750c0000 - 0x00000000750e9000 	E:\jdk1.8.0_60\jre\bin\java.dll
0x00000000750a0000 - 0x00000000750b6000 	E:\jdk1.8.0_60\jre\bin\zip.dll

VM Arguments:
jvm_args: -Djava.awt.headless=true -Xmx1024M -Dfile.encoding=windows-1252 -Duser.country=US -Duser.language=en -Duser.variant 
java_command: com.android.dx.command.Main --dex --force-jumbo --num-threads=4 --multi-dex --output C:\Users\Administrator\AndroidStudioProjects\AudioNotification\app\build\intermediates\transforms\dex\debug\folders\1000\5\slice_1 C:\Users\Administrator\AndroidStudioProjects\AudioNotification\app\build\intermediates\transforms\instantRunSlicer\debug\folders\1\5\slice_1
java_class_path (initial): C:\Users\Administrator\AppData\Local\Android\sdk\build-tools\24.0.0\lib\dx.jar
Launcher Type: SUN_STANDARD

Environment Variables:
PATH=C:\ProgramData\Oracle\Java\javapath;C:\Windows\system32;C:\Windows;C:\Windows\System32\Wbem;C:\Windows\System32\WindowsPowerShell\v1.0\;E:\Git\cmd;E:\Git\mingw64\bin;E:\Git\usr\bin
USERNAME=Administrator
OS=Windows_NT
PROCESSOR_IDENTIFIER=Intel64 Family 6 Model 23 Stepping 10, GenuineIntel



---------------  S Y S T E M  ---------------

OS: Windows 7 , 64 bit Build 7601 (6.1.7601.18015)

CPU:total 2 (2 cores per cpu, 1 threads per core) family 6 model 23 stepping 10, cmov, cx8, fxsr, mmx, sse, sse2, sse3, ssse3, sse4.1, tsc

Memory: 4k page, physical 4157944k(575876k free), swap 4157944k(5300k free)

vm_info: Java HotSpot(TM) 64-Bit Server VM (25.60-b23) for windows-amd64 JRE (1.8.0_60-b27), built on Aug  4 2015 11:06:27 by "java_re" with MS VC++ 10.0 (VS2010)

time: Sun Jul 31 19:12:32 2016
elapsed time: 0 seconds (0d 0h 0m 0s)

