#
# There is insufficient memory for the Java Runtime Environment to continue.
# Native memory allocation (malloc) failed to allocate 1499696 bytes for Chunk::new
# Possible reasons:
#   The system is out of physical RAM or swap space
#   In 32 bit mode, the process size limit was hit
# Possible solutions:
#   Reduce memory load on the system
#   Increase physical memory or swap space
#   Check if swap backing store is full
#   Use 64 bit Java on a 64 bit OS
#   Decrease Java heap size (-Xmx/-Xms)
#   Decrease number of Java threads
#   Decrease Java thread stack sizes (-Xss)
#   Set larger code cache with -XX:ReservedCodeCacheSize=
# This output file may be truncated or incomplete.
#
#  Out of Memory Error (allocation.cpp:390), pid=3732, tid=3636
#
# JRE version: Java(TM) SE Runtime Environment (8.0_60-b27) (build 1.8.0_60-b27)
# Java VM: Java HotSpot(TM) 64-Bit Server VM (25.60-b23 mixed mode windows-amd64 compressed oops)
# Failed to write core dump. Minidumps are not enabled by default on client versions of Windows
#

---------------  T H R E A D  ---------------

Current thread (0x0000000054b3e000):  JavaThread "C2 CompilerThread0" daemon [_thread_in_native, id=3636, stack(0x0000000055640000,0x0000000055740000)]

Stack: [0x0000000055640000,0x0000000055740000]
[error occurred during error reporting (printing stack bounds), id 0xc0000005]

Native frames: (J=compiled Java code, j=interpreted, Vv=VM code, C=native code)


Current CompileTask:
C2:  16256 2375   !   4       com.android.dx.cf.code.Ropper::processBlock (1101 bytes)


---------------  P R O C E S S  ---------------

Java Threads: ( => current thread )
  0x0000000056040000 JavaThread "pool-2-thread-4" [_thread_blocked, id=3204, stack(0x0000000056c60000,0x0000000056d60000)]
  0x000000005603b000 JavaThread "pool-2-thread-3" [_thread_blocked, id=3644, stack(0x0000000056af0000,0x0000000056bf0000)]
  0x0000000056039800 JavaThread "pool-2-thread-2" [_thread_blocked, id=3044, stack(0x0000000056870000,0x0000000056970000)]
  0x0000000056036000 JavaThread "pool-3-thread-1" [_thread_blocked, id=972, stack(0x00000000563c0000,0x00000000564c0000)]
  0x0000000056032800 JavaThread "pool-2-thread-1" [_thread_blocked, id=2536, stack(0x0000000055a50000,0x0000000055b50000)]
  0x0000000055e3b000 JavaThread "Service Thread" daemon [_thread_blocked, id=3576, stack(0x00000000564e0000,0x00000000565e0000)]
  0x0000000054b9e000 JavaThread "C1 CompilerThread1" daemon [_thread_blocked, id=2772, stack(0x0000000056290000,0x0000000056390000)]
=>0x0000000054b3e000 JavaThread "C2 CompilerThread0" daemon [_thread_in_native, id=3636, stack(0x0000000055640000,0x0000000055740000)]
  0x0000000054b3a800 JavaThread "Attach Listener" daemon [_thread_blocked, id=3660, stack(0x0000000055d20000,0x0000000055e20000)]
  0x0000000054b39000 JavaThread "Signal Dispatcher" daemon [_thread_blocked, id=3492, stack(0x0000000055b60000,0x0000000055c60000)]
  0x0000000054ad8000 JavaThread "Finalizer" daemon [_thread_blocked, id=2968, stack(0x0000000055920000,0x0000000055a20000)]
  0x0000000054ad4800 JavaThread "Reference Handler" daemon [_thread_blocked, id=4080, stack(0x0000000055750000,0x0000000055850000)]
  0x0000000001f2d800 JavaThread "main" [_thread_blocked, id=2576, stack(0x0000000002240000,0x0000000002340000)]

Other Threads:
  0x0000000054acd000 VMThread [stack: 0x0000000055500000,0x0000000055600000] [id=268]
  0x0000000055e40000 WatcherThread [stack: 0x0000000056630000,0x0000000056730000] [id=3132]

VM state:not at safepoint (normal execution)

VM Mutex/Monitor currently owned by a thread: None

Heap:
 PSYoungGen      total 68096K, used 17661K [0x00000000eab00000, 0x00000000f2500000, 0x0000000100000000)
  eden space 65536K, 23% used [0x00000000eab00000,0x00000000eb9c2108,0x00000000eeb00000)
  from space 2560K, 99% used [0x00000000eeb00000,0x00000000eed7d3e0,0x00000000eed80000)
  to   space 17920K, 0% used [0x00000000f1380000,0x00000000f1380000,0x00000000f2500000)
 ParOldGen       total 74752K, used 41488K [0x00000000c0000000, 0x00000000c4900000, 0x00000000eab00000)
  object space 74752K, 55% used [0x00000000c0000000,0x00000000c28840a0,0x00000000c4900000)
 Metaspace       used 6469K, capacity 7256K, committed 7424K, reserved 1056768K
  class space    used 621K, capacity 656K, committed 768K, reserved 1048576K

Card table byte_map: [0x00000000119d0000,0x0000000011be0000] byte_map_base: 0x00000000113d0000

Marking Bits: (ParMarkBitMap*) 0x0000000072fba5b0
 Begin Bits: [0x0000000011fa0000, 0x0000000012fa0000)
 End Bits:   [0x0000000012fa0000, 0x0000000013fa0000)

Polling page: 0x00000000000a0000

CodeCache: size=245760Kb used=11360Kb max_used=11368Kb free=234400Kb
 bounds [0x0000000002610000, 0x0000000003140000, 0x0000000011610000]
 total_blobs=2599 nmethods=2332 adapters=182
 compilation: enabled

Compilation events (10 events):
Event: 15.856 Thread 0x0000000054b3e000 nmethod 2373 0x00000000030fdad0 code [0x00000000030fdc20, 0x00000000030fdd18]
Event: 15.859 Thread 0x0000000054b3e000 2374       4       com.android.dx.ssa.MoveParamCombiner$1::visitNonMoveInsn (213 bytes)
Event: 15.895 Thread 0x0000000054b3e000 nmethod 2374 0x000000000311bf90 code [0x000000000311c260, 0x000000000311d8c0]
Event: 15.898 Thread 0x0000000054b3e000 2375   !   4       com.android.dx.cf.code.Ropper::processBlock (1101 bytes)
Event: 16.243 Thread 0x0000000054b9e000 2377       3       com.android.dx.ssa.ConstCollector$1::compare (13 bytes)
Event: 16.244 Thread 0x0000000054b9e000 nmethod 2377 0x00000000030fd510 code [0x00000000030fd680, 0x00000000030fd9e8]
Event: 16.244 Thread 0x0000000054b9e000 2378       3       com.android.dx.ssa.ConstCollector$1::compare (42 bytes)
Event: 16.244 Thread 0x0000000054b9e000 nmethod 2378 0x00000000030fe590 code [0x00000000030fe780, 0x00000000030ff478]
Event: 16.247 Thread 0x0000000054b9e000 2379       3       com.android.dx.rop.code.SwitchInsn::<init> (49 bytes)
Event: 16.247 Thread 0x0000000054b9e000 nmethod 2379 0x00000000030fcd90 code [0x00000000030fcf20, 0x00000000030fd368]

GC Heap History (10 events):
Event: 2.585 GC heap before
{Heap before GC invocations=4 (full 0):
 PSYoungGen      total 35328K, used 35316K [0x00000000eab00000, 0x00000000ef000000, 0x0000000100000000)
  eden space 32768K, 100% used [0x00000000eab00000,0x00000000ecb00000,0x00000000ecb00000)
  from space 2560K, 99% used [0x00000000ecb00000,0x00000000ecd7d310,0x00000000ecd80000)
  to   space 2560K, 0% used [0x00000000eed80000,0x00000000eed80000,0x00000000ef000000)
 ParOldGen       total 44032K, used 6729K [0x00000000c0000000, 0x00000000c2b00000, 0x00000000eab00000)
  object space 44032K, 15% used [0x00000000c0000000,0x00000000c06927d0,0x00000000c2b00000)
 Metaspace       used 6198K, capacity 7088K, committed 7296K, reserved 1056768K
  class space    used 600K, capacity 616K, committed 640K, reserved 1048576K
Event: 2.647 GC heap after
Heap after GC invocations=4 (full 0):
 PSYoungGen      total 68096K, used 2540K [0x00000000eab00000, 0x00000000ef000000, 0x0000000100000000)
  eden space 65536K, 0% used [0x00000000eab00000,0x00000000eab00000,0x00000000eeb00000)
  from space 2560K, 99% used [0x00000000eed80000,0x00000000eeffb338,0x00000000ef000000)
  to   space 2560K, 0% used [0x00000000eeb00000,0x00000000eeb00000,0x00000000eed80000)
 ParOldGen       total 44032K, used 13011K [0x00000000c0000000, 0x00000000c2b00000, 0x00000000eab00000)
  object space 44032K, 29% used [0x00000000c0000000,0x00000000c0cb4c88,0x00000000c2b00000)
 Metaspace       used 6198K, capacity 7088K, committed 7296K, reserved 1056768K
  class space    used 600K, capacity 616K, committed 640K, reserved 1048576K
}
Event: 9.264 GC heap before
{Heap before GC invocations=5 (full 0):
 PSYoungGen      total 68096K, used 68076K [0x00000000eab00000, 0x00000000ef000000, 0x0000000100000000)
  eden space 65536K, 100% used [0x00000000eab00000,0x00000000eeb00000,0x00000000eeb00000)
  from space 2560K, 99% used [0x00000000eed80000,0x00000000eeffb338,0x00000000ef000000)
  to   space 2560K, 0% used [0x00000000eeb00000,0x00000000eeb00000,0x00000000eed80000)
 ParOldGen       total 44032K, used 13011K [0x00000000c0000000, 0x00000000c2b00000, 0x00000000eab00000)
  object space 44032K, 29% used [0x00000000c0000000,0x00000000c0cb4c88,0x00000000c2b00000)
 Metaspace       used 6268K, capacity 7088K, committed 7296K, reserved 1056768K
  class space    used 601K, capacity 616K, committed 640K, reserved 1048576K
Event: 9.377 GC heap after
Heap after GC invocations=5 (full 0):
 PSYoungGen      total 68096K, used 2529K [0x00000000eab00000, 0x00000000ef000000, 0x0000000100000000)
  eden space 65536K, 0% used [0x00000000eab00000,0x00000000eab00000,0x00000000eeb00000)
  from space 2560K, 98% used [0x00000000eeb00000,0x00000000eed785c0,0x00000000eed80000)
  to   space 2560K, 0% used [0x00000000eed80000,0x00000000eed80000,0x00000000ef000000)
 ParOldGen       total 44032K, used 23250K [0x00000000c0000000, 0x00000000c2b00000, 0x00000000eab00000)
  object space 44032K, 52% used [0x00000000c0000000,0x00000000c16b4a50,0x00000000c2b00000)
 Metaspace       used 6268K, capacity 7088K, committed 7296K, reserved 1056768K
  class space    used 601K, capacity 616K, committed 640K, reserved 1048576K
}
Event: 13.694 GC heap before
{Heap before GC invocations=6 (full 0):
 PSYoungGen      total 68096K, used 68065K [0x00000000eab00000, 0x00000000ef000000, 0x0000000100000000)
  eden space 65536K, 100% used [0x00000000eab00000,0x00000000eeb00000,0x00000000eeb00000)
  from space 2560K, 98% used [0x00000000eeb00000,0x00000000eed785c0,0x00000000eed80000)
  to   space 2560K, 0% used [0x00000000eed80000,0x00000000eed80000,0x00000000ef000000)
 ParOldGen       total 44032K, used 23250K [0x00000000c0000000, 0x00000000c2b00000, 0x00000000eab00000)
  object space 44032K, 52% used [0x00000000c0000000,0x00000000c16b4a50,0x00000000c2b00000)
 Metaspace       used 6358K, capacity 7152K, committed 7296K, reserved 1056768K
  class space    used 601K, capacity 616K, committed 640K, reserved 1048576K
Event: 13.742 GC heap after
Heap after GC invocations=6 (full 0):
 PSYoungGen      total 68096K, used 2545K [0x00000000eab00000, 0x00000000ef000000, 0x0000000100000000)
  eden space 65536K, 0% used [0x00000000eab00000,0x00000000eab00000,0x00000000eeb00000)
  from space 2560K, 99% used [0x00000000eed80000,0x00000000eeffc5e0,0x00000000ef000000)
  to   space 2560K, 0% used [0x00000000eeb00000,0x00000000eeb00000,0x00000000eed80000)
 ParOldGen       total 44032K, used 34221K [0x00000000c0000000, 0x00000000c2b00000, 0x00000000eab00000)
  object space 44032K, 77% used [0x00000000c0000000,0x00000000c216b768,0x00000000c2b00000)
 Metaspace       used 6358K, capacity 7152K, committed 7296K, reserved 1056768K
  class space    used 601K, capacity 616K, committed 640K, reserved 1048576K
}
Event: 13.742 GC heap before
{Heap before GC invocations=7 (full 1):
 PSYoungGen      total 68096K, used 2545K [0x00000000eab00000, 0x00000000ef000000, 0x0000000100000000)
  eden space 65536K, 0% used [0x00000000eab00000,0x00000000eab00000,0x00000000eeb00000)
  from space 2560K, 99% used [0x00000000eed80000,0x00000000eeffc5e0,0x00000000ef000000)
  to   space 2560K, 0% used [0x00000000eeb00000,0x00000000eeb00000,0x00000000eed80000)
 ParOldGen       total 44032K, used 34221K [0x00000000c0000000, 0x00000000c2b00000, 0x00000000eab00000)
  object space 44032K, 77% used [0x00000000c0000000,0x00000000c216b768,0x00000000c2b00000)
 Metaspace       used 6358K, capacity 7152K, committed 7296K, reserved 1056768K
  class space    used 601K, capacity 616K, committed 640K, reserved 1048576K
Event: 14.843 GC heap after
Heap after GC invocations=7 (full 1):
 PSYoungGen      total 68096K, used 0K [0x00000000eab00000, 0x00000000ef000000, 0x0000000100000000)
  eden space 65536K, 0% used [0x00000000eab00000,0x00000000eab00000,0x00000000eeb00000)
  from space 2560K, 0% used [0x00000000eed80000,0x00000000eed80000,0x00000000ef000000)
  to   space 2560K, 0% used [0x00000000eeb00000,0x00000000eeb00000,0x00000000eed80000)
 ParOldGen       total 74752K, used 33258K [0x00000000c0000000, 0x00000000c4900000, 0x00000000eab00000)
  object space 74752K, 44% used [0x00000000c0000000,0x00000000c207abf8,0x00000000c4900000)
 Metaspace       used 6358K, capacity 7152K, committed 7296K, reserved 1056768K
  class space    used 601K, capacity 616K, committed 640K, reserved 1048576K
}
Event: 15.574 GC heap before
{Heap before GC invocations=8 (full 1):
 PSYoungGen      total 68096K, used 65536K [0x00000000eab00000, 0x00000000ef000000, 0x0000000100000000)
  eden space 65536K, 100% used [0x00000000eab00000,0x00000000eeb00000,0x00000000eeb00000)
  from space 2560K, 0% used [0x00000000eed80000,0x00000000eed80000,0x00000000ef000000)
  to   space 2560K, 0% used [0x00000000eeb00000,0x00000000eeb00000,0x00000000eed80000)
 ParOldGen       total 74752K, used 33258K [0x00000000c0000000, 0x00000000c4900000, 0x00000000eab00000)
  object space 74752K, 44% used [0x00000000c0000000,0x00000000c207abf8,0x00000000c4900000)
 Metaspace       used 6468K, capacity 7256K, committed 7424K, reserved 1056768K
  class space    used 621K, capacity 656K, committed 768K, reserved 1048576K
Event: 15.646 GC heap after
Heap after GC invocations=8 (full 1):
 PSYoungGen      total 68096K, used 2548K [0x00000000eab00000, 0x00000000f2500000, 0x0000000100000000)
  eden space 65536K, 0% used [0x00000000eab00000,0x00000000eab00000,0x00000000eeb00000)
  from space 2560K, 99% used [0x00000000eeb00000,0x00000000eed7d3e0,0x00000000eed80000)
  to   space 17920K, 0% used [0x00000000f1380000,0x00000000f1380000,0x00000000f2500000)
 ParOldGen       total 74752K, used 41488K [0x00000000c0000000, 0x00000000c4900000, 0x00000000eab00000)
  object space 74752K, 55% used [0x00000000c0000000,0x00000000c28840a0,0x00000000c4900000)
 Metaspace       used 6468K, capacity 7256K, committed 7424K, reserved 1056768K
  class space    used 621K, capacity 656K, committed 768K, reserved 1048576K
}

Deoptimization events (10 events):
Event: 15.424 Thread 0x0000000056040000 Uncommon trap: reason=unstable_if action=reinterpret pc=0x0000000002f32df8 method=com.android.dx.ssa.Dominators.run()V @ 346
Event: 15.434 Thread 0x0000000056040000 Uncommon trap: reason=unstable_if action=reinterpret pc=0x0000000002c6c944 method=com.android.dx.ssa.MoveParamCombiner$1.visitNonMoveInsn(Lcom/android/dx/ssa/NormalSsaInsn;)V @ 27
Event: 15.436 Thread 0x0000000056040000 Uncommon trap: reason=class_check action=maybe_recompile pc=0x0000000002ffccac method=com.android.dx.cf.code.Ropper.processBlock(Lcom/android/dx/cf/code/ByteBlock;Lcom/android/dx/cf/code/Frame;[I)V @ 711
Event: 15.436 Thread 0x0000000056040000 Uncommon trap: reason=class_check action=maybe_recompile pc=0x0000000002ffccac method=com.android.dx.cf.code.Ropper.processBlock(Lcom/android/dx/cf/code/ByteBlock;Lcom/android/dx/cf/code/Frame;[I)V @ 711
Event: 15.436 Thread 0x0000000056040000 Uncommon trap: reason=class_check action=maybe_recompile pc=0x0000000002ffccac method=com.android.dx.cf.code.Ropper.processBlock(Lcom/android/dx/cf/code/ByteBlock;Lcom/android/dx/cf/code/Frame;[I)V @ 711
Event: 15.436 Thread 0x0000000056040000 Uncommon trap: reason=class_check action=maybe_recompile pc=0x0000000002ffccac method=com.android.dx.cf.code.Ropper.processBlock(Lcom/android/dx/cf/code/ByteBlock;Lcom/android/dx/cf/code/Frame;[I)V @ 711
Event: 15.664 Thread 0x000000005603b000 Uncommon trap: reason=bimorphic action=maybe_recompile pc=0x000000000310794c method=com.android.dx.cf.code.BytecodeArray.parseInstruction(ILcom/android/dx/cf/code/BytecodeArray$Visitor;)I @ 1357
Event: 15.665 Thread 0x000000005603b000 Uncommon trap: reason=bimorphic action=maybe_recompile pc=0x000000000310794c method=com.android.dx.cf.code.BytecodeArray.parseInstruction(ILcom/android/dx/cf/code/BytecodeArray$Visitor;)I @ 1357
Event: 15.854 Thread 0x0000000056032800 Uncommon trap: reason=bimorphic action=maybe_recompile pc=0x0000000002cfa05c method=com.android.dx.ssa.LiteralOpUpgrader.tryReplacingWithConstant(Lcom/android/dx/ssa/NormalSsaInsn;)Z @ 62
Event: 15.857 Thread 0x0000000056032800 Uncommon trap: reason=bimorphic action=maybe_recompile pc=0x0000000002cfa05c method=com.android.dx.ssa.LiteralOpUpgrader.tryReplacingWithConstant(Lcom/android/dx/ssa/NormalSsaInsn;)Z @ 62

Internal exceptions (9 events):
Event: 0.047 Thread 0x0000000001f2d800 Exception <a 'java/lang/NoSuchMethodError': Method sun.misc.Unsafe.defineClass(Ljava/lang/String;[BII)Ljava/lang/Class; name or signature does not match> (0x00000000eab0d328) thrown at [C:\re\workspace\8-2-build-windows-amd64-cygwin\jdk8u60\4407\hotspot\srV60±âÏß?
Event: 0.047 Thread 0x0000000001f2d800 Exception <a 'java/lang/NoSuchMethodError': Method sun.misc.Unsafe.prefetchRead(Ljava/lang/Object;J)V name or signature does not match> (0x00000000eab0d610) thrown at [C:\re\workspace\8-2-build-windows-amd64-cygwin\jdk8u60\4407\hotspot\src\share\vm\prims\jùméƒêÔ?
Event: 0.986 Thread 0x0000000056039800 Implicit null exception at 0x00000000028a1e4d to 0x00000000028a3795
Event: 2.446 Thread 0x0000000056040000 Implicit null exception at 0x0000000002ba26ca to 0x0000000002ba276a
Event: 8.217 Thread 0x0000000056039800 Implicit null exception at 0x0000000002de6660 to 0x0000000002deaa59
Event: 13.623 Thread 0x0000000056040000 Implicit null exception at 0x0000000002c7e14e to 0x0000000002c7f87d
Event: 15.305 Thread 0x0000000056032800 Exception <a 'java/lang/ArrayIndexOutOfBoundsException': 18> (0x00000000ed920a30) thrown at [C:\re\workspace\8-2-build-windows-amd64-cygwin\jdk8u60\4407\hotspot\src\share\vm\interpreter\interpreterRuntime.cpp, line 366]
Event: 15.305 Thread 0x0000000056032800 Exception <a 'java/lang/ArrayIndexOutOfBoundsException': 145> (0x00000000ed9225b0) thrown at [C:\re\workspace\8-2-build-windows-amd64-cygwin\jdk8u60\4407\hotspot\src\share\vm\interpreter\interpreterRuntime.cpp, line 366]
Event: 15.306 Thread 0x0000000056032800 Exception <a 'java/lang/ArrayIndexOutOfBoundsException'> (0x00000000ed923898) thrown at [C:\re\workspace\8-2-build-windows-amd64-cygwin\jdk8u60\4407\hotspot\src\share\vm\runtime\sharedRuntime.cpp, line 605]

Events (10 events):
Event: 15.665 Thread 0x000000005603b000 DEOPT PACKING pc=0x000000000310794c sp=0x0000000056bee2e0
Event: 15.665 Thread 0x000000005603b000 DEOPT UNPACKING pc=0x000000000265556a sp=0x0000000056bee280 mode 2
Event: 15.854 Thread 0x0000000056032800 Uncommon trap: trap_request=0xffffffc6 fr.pc=0x0000000002cfa05c
Event: 15.854 Thread 0x0000000056032800 DEOPT PACKING pc=0x0000000002cfa05c sp=0x0000000055b4e8c0
Event: 15.854 Thread 0x0000000056032800 DEOPT UNPACKING pc=0x000000000265556a sp=0x0000000055b4e7b8 mode 2
Event: 15.857 Thread 0x0000000056032800 Uncommon trap: trap_request=0xffffffc6 fr.pc=0x0000000002cfa05c
Event: 15.857 Thread 0x0000000056032800 DEOPT PACKING pc=0x0000000002cfa05c sp=0x0000000055b4e810
Event: 15.857 Thread 0x0000000056032800 DEOPT UNPACKING pc=0x000000000265556a sp=0x0000000055b4e708 mode 2
Event: 16.055 Thread 0x0000000056032800 DEOPT PACKING pc=0x00000000030ee2da sp=0x0000000055b4e7c0
Event: 16.055 Thread 0x0000000056032800 DEOPT UNPACKING pc=0x00000000026571bf sp=0x0000000055b4e600 mode 0


Dynamic libraries:
0x000000013f900000 - 0x000000013f937000 	E:\jdk1.8.0_60\bin\java.exe
0x0000000076e40000 - 0x0000000076fe9000 	C:\Windows\SYSTEM32\ntdll.dll
0x0000000076d20000 - 0x0000000076e3f000 	C:\Windows\system32\kernel32.dll
0x000007fefcf90000 - 0x000007fefcffb000 	C:\Windows\system32\KERNELBASE.dll
0x000007fefe260000 - 0x000007fefe33b000 	C:\Windows\system32\ADVAPI32.dll
0x000007fefe0c0000 - 0x000007fefe15f000 	C:\Windows\system32\msvcrt.dll
0x000007fefe160000 - 0x000007fefe17f000 	C:\Windows\SYSTEM32\sechost.dll
0x000007fefed70000 - 0x000007fefee9d000 	C:\Windows\system32\RPCRT4.dll
0x0000000076c20000 - 0x0000000076d1a000 	C:\Windows\system32\USER32.dll
0x000007fefd040000 - 0x000007fefd0a7000 	C:\Windows\system32\GDI32.dll
0x000007fefd030000 - 0x000007fefd03e000 	C:\Windows\system32\LPK.dll
0x000007fefe7d0000 - 0x000007fefe899000 	C:\Windows\system32\USP10.dll
0x000007fefb250000 - 0x000007fefb444000 	C:\Windows\WinSxS\amd64_microsoft.windows.common-controls_6595b64144ccf1df_6.0.7601.17514_none_fa396087175ac9ac\COMCTL32.dll
0x000007fefdf10000 - 0x000007fefdf81000 	C:\Windows\system32\SHLWAPI.dll
0x000007fefd150000 - 0x000007fefd17e000 	C:\Windows\system32\IMM32.DLL
0x000007fefec40000 - 0x000007fefed49000 	C:\Windows\system32\MSCTF.dll
0x00000000700b0000 - 0x0000000070182000 	E:\jdk1.8.0_60\jre\bin\msvcr100.dll
0x00000000727b0000 - 0x0000000073039000 	E:\jdk1.8.0_60\jre\bin\server\jvm.dll
0x000007fef9450000 - 0x000007fef9459000 	C:\Windows\system32\WSOCK32.dll
0x000007fefdf90000 - 0x000007fefdfdd000 	C:\Windows\system32\WS2_32.dll
0x000007fefd020000 - 0x000007fefd028000 	C:\Windows\system32\NSI.dll
0x000007fef72d0000 - 0x000007fef730b000 	C:\Windows\system32\WINMM.dll
0x000007fefbd50000 - 0x000007fefbd5c000 	C:\Windows\system32\VERSION.dll
0x0000000077000000 - 0x0000000077007000 	C:\Windows\system32\PSAPI.DLL
0x00000000744d0000 - 0x00000000744df000 	E:\jdk1.8.0_60\jre\bin\verify.dll
0x00000000744a0000 - 0x00000000744c9000 	E:\jdk1.8.0_60\jre\bin\java.dll
0x0000000074480000 - 0x0000000074496000 	E:\jdk1.8.0_60\jre\bin\zip.dll
0x000007fefd180000 - 0x000007fefdf08000 	C:\Windows\system32\SHELL32.dll
0x000007fefef40000 - 0x000007feff143000 	C:\Windows\system32\ole32.dll
0x000007fefcbf0000 - 0x000007fefcbff000 	C:\Windows\system32\profapi.dll

VM Arguments:
jvm_args: -Djava.awt.headless=true -Xmx1024M -Dfile.encoding=windows-1252 -Duser.country=US -Duser.language=en -Duser.variant 
java_command: com.android.dx.command.Main --dex --force-jumbo --num-threads=4 --multi-dex --output C:\Users\Administrator\AndroidStudioProjects\AudioNotification\app\build\intermediates\transforms\dex\debug\folders\1000\10\com.android.support-support-v4-23.4.0_7564b571504aab944181dedf3bc6106754c65540 C:\Users\Administrator\AndroidStudioProjects\AudioNotification\app\build\intermediates\exploded-aar\com.android.support\support-v4\23.4.0\jars\classes.jar
java_class_path (initial): C:\Users\Administrator\AppData\Local\Android\sdk\build-tools\24.0.0\lib\dx.jar
Launcher Type: SUN_STANDARD

Environment Variables:
PATH=C:\ProgramData\Oracle\Java\javapath;C:\Windows\system32;C:\Windows;C:\Windows\System32\Wbem;C:\Windows\System32\WindowsPowerShell\v1.0\;E:\Git\cmd;E:\Git\mingw64\bin;E:\Git\usr\bin
USERNAME=Administrator
OS=Windows_NT
PROCESSOR_IDENTIFIER=Intel64 Family 6 Model 23 Stepping 10, GenuineIntel



---------------  S Y S T E M  ---------------

OS: Windows 7 , 64 bit Build 7601 (6.1.7601.18015)

CPU:total 2 (2 cores per cpu, 1 threads per core) family 6 model 23 stepping 10, cmov, cx8, fxsr, mmx, sse, sse2, sse3, ssse3, sse4.1, tsc

Memory: 4k page, physical 4157944k(725824k free), swap 4157944k(5148k free)

vm_info: Java HotSpot(TM) 64-Bit Server VM (25.60-b23) for windows-amd64 JRE (1.8.0_60-b27), built on Aug  4 2015 11:06:27 by "java_re" with MS VC++ 10.0 (VS2010)

time: Sat Jul 23 23:08:47 2016
elapsed time: 16 seconds (0d 0h 0m 16s)

