#
# There is insufficient memory for the Java Runtime Environment to continue.
# Native memory allocation (malloc) failed to allocate 974096 bytes for Chunk::new
# Possible reasons:
#   The system is out of physical RAM or swap space
#   In 32 bit mode, the process size limit was hit
# Possible solutions:
#   Reduce memory load on the system
#   Increase physical memory or swap space
#   Check if swap backing store is full
#   Use 64 bit Java on a 64 bit OS
#   Decrease Java heap size (-Xmx/-Xms)
#   Decrease number of Java threads
#   Decrease Java thread stack sizes (-Xss)
#   Set larger code cache with -XX:ReservedCodeCacheSize=
# This output file may be truncated or incomplete.
#
#  Out of Memory Error (allocation.cpp:390), pid=2696, tid=2660
#
# JRE version: Java(TM) SE Runtime Environment (8.0_60-b27) (build 1.8.0_60-b27)
# Java VM: Java HotSpot(TM) 64-Bit Server VM (25.60-b23 mixed mode windows-amd64 compressed oops)
# Failed to write core dump. Minidumps are not enabled by default on client versions of Windows
#

---------------  T H R E A D  ---------------

Current thread (0x0000000054bb5800):  JavaThread "C2 CompilerThread0" daemon [_thread_in_native, id=2660, stack(0x0000000055a80000,0x0000000055b80000)]

Stack: [0x0000000055a80000,0x0000000055b80000]
[error occurred during error reporting (printing stack bounds), id 0xc0000005]

Native frames: (J=compiled Java code, j=interpreted, Vv=VM code, C=native code)


Current CompileTask:
C2:  25388 2191   !   4       com.android.dx.cf.code.Ropper::processBlock (1101 bytes)


---------------  P R O C E S S  ---------------

Java Threads: ( => current thread )
  0x0000000054bab000 JavaThread "Service Thread" daemon [_thread_blocked, id=2076, stack(0x0000000055fd0000,0x00000000560d0000)]
  0x0000000054ba8000 JavaThread "C1 CompilerThread1" daemon [_thread_blocked, id=2664, stack(0x0000000055de0000,0x0000000055ee0000)]
=>0x0000000054bb5800 JavaThread "C2 CompilerThread0" daemon [_thread_in_native, id=2660, stack(0x0000000055a80000,0x0000000055b80000)]
  0x0000000054bb4800 JavaThread "Attach Listener" daemon [_thread_blocked, id=2780, stack(0x0000000055c10000,0x0000000055d10000)]
  0x0000000054bb3000 JavaThread "Signal Dispatcher" daemon [_thread_blocked, id=536, stack(0x0000000055930000,0x0000000055a30000)]
  0x0000000054b48000 JavaThread "Finalizer" daemon [_thread_blocked, id=3524, stack(0x00000000555e0000,0x00000000556e0000)]
  0x0000000054b44800 JavaThread "Reference Handler" daemon [_thread_blocked, id=2948, stack(0x0000000055790000,0x0000000055890000)]
  0x0000000001e8d800 JavaThread "main" [_thread_in_native, id=1428, stack(0x0000000002140000,0x0000000002240000)]

Other Threads:
  0x0000000054b3d000 VMThread [stack: 0x0000000011c40000,0x0000000011d40000] [id=3536]
  0x00000000560e8800 WatcherThread [stack: 0x0000000056630000,0x0000000056730000] [id=864]

VM state:not at safepoint (normal execution)

VM Mutex/Monitor currently owned by a thread: None

Heap:
 PSYoungGen      total 229888K, used 83060K [0x00000000eab00000, 0x00000000fdd00000, 0x0000000100000000)
  eden space 201728K, 27% used [0x00000000eab00000,0x00000000ee0a21a0,0x00000000f7000000)
  from space 28160K, 99% used [0x00000000fc180000,0x00000000fdcfb128,0x00000000fdd00000)
  to   space 34304K, 0% used [0x00000000f9a00000,0x00000000f9a00000,0x00000000fbb80000)
 ParOldGen       total 83456K, used 44809K [0x00000000c0000000, 0x00000000c5180000, 0x00000000eab00000)
  object space 83456K, 53% used [0x00000000c0000000,0x00000000c2bc2450,0x00000000c5180000)
 Metaspace       used 7305K, capacity 7768K, committed 7936K, reserved 1056768K
  class space    used 672K, capacity 720K, committed 768K, reserved 1048576K

Card table byte_map: [0x00000000118d0000,0x0000000011ae0000] byte_map_base: 0x00000000112d0000

Marking Bits: (ParMarkBitMap*) 0x0000000073cda5b0
 Begin Bits: [0x0000000012010000, 0x0000000013010000)
 End Bits:   [0x0000000013010000, 0x0000000014010000)

Polling page: 0x0000000000110000

CodeCache: size=245760Kb used=10454Kb max_used=10612Kb free=235306Kb
 bounds [0x0000000002510000, 0x0000000002f80000, 0x0000000011510000]
 total_blobs=2700 nmethods=2425 adapters=189
 compilation: enabled

Compilation events (10 events):
Event: 25.229 Thread 0x0000000054ba8000 2909       2       java.lang.Integer::reverseBytes (26 bytes)
Event: 25.229 Thread 0x0000000054ba8000 nmethod 2909 0x0000000002824810 code [0x0000000002824960, 0x0000000002824ab0]
Event: 25.230 Thread 0x0000000054ba8000 2910       2       sun.security.provider.SHA::implCompress (491 bytes)
Event: 25.231 Thread 0x0000000054ba8000 nmethod 2910 0x0000000002823690 code [0x0000000002823860, 0x0000000002823fc8]
Event: 25.231 Thread 0x0000000054ba8000 2911 %     3       sun.security.provider.SHA::implCompress @ 12 (491 bytes)
Event: 25.231 Thread 0x0000000054ba8000 nmethod 2911% 0x0000000002822190 code [0x0000000002822380, 0x0000000002822d08]
Event: 25.231 Thread 0x0000000054ba8000 2912       3       sun.security.provider.SHA::implCompress (491 bytes)
Event: 25.232 Thread 0x0000000054ba8000 nmethod 2912 0x0000000002820e50 code [0x0000000002821040, 0x0000000002821928]
Event: 25.232 Thread 0x0000000054ba8000 2914       2       sun.security.provider.ByteArrayAccess::b2iBig64 (614 bytes)
Event: 25.233 Thread 0x0000000054ba8000 nmethod 2914 0x0000000002820250 code [0x00000000028203e0, 0x0000000002820b28]

GC Heap History (10 events):
Event: 14.607 GC heap before
{Heap before GC invocations=5 (full 0):
 PSYoungGen      total 68096K, used 68090K [0x00000000eab00000, 0x00000000ef000000, 0x0000000100000000)
  eden space 65536K, 100% used [0x00000000eab00000,0x00000000eeb00000,0x00000000eeb00000)
  from space 2560K, 99% used [0x00000000eed80000,0x00000000eeffebe0,0x00000000ef000000)
  to   space 2560K, 0% used [0x00000000eeb00000,0x00000000eeb00000,0x00000000eed80000)
 ParOldGen       total 44032K, used 10817K [0x00000000c0000000, 0x00000000c2b00000, 0x00000000eab00000)
  object space 44032K, 24% used [0x00000000c0000000,0x00000000c0a90680,0x00000000c2b00000)
 Metaspace       used 6281K, capacity 7152K, committed 7296K, reserved 1056768K
  class space    used 601K, capacity 616K, committed 640K, reserved 1048576K
Event: 14.742 GC heap after
Heap after GC invocations=5 (full 0):
 PSYoungGen      total 68096K, used 2540K [0x00000000eab00000, 0x00000000f4800000, 0x0000000100000000)
  eden space 65536K, 0% used [0x00000000eab00000,0x00000000eab00000,0x00000000eeb00000)
  from space 2560K, 99% used [0x00000000eeb00000,0x00000000eed7b350,0x00000000eed80000)
  to   space 14848K, 0% used [0x00000000f3980000,0x00000000f3980000,0x00000000f4800000)
 ParOldGen       total 44032K, used 21790K [0x00000000c0000000, 0x00000000c2b00000, 0x00000000eab00000)
  object space 44032K, 49% used [0x00000000c0000000,0x00000000c1547af0,0x00000000c2b00000)
 Metaspace       used 6281K, capacity 7152K, committed 7296K, reserved 1056768K
  class space    used 601K, capacity 616K, committed 640K, reserved 1048576K
}
Event: 17.630 GC heap before
{Heap before GC invocations=6 (full 0):
 PSYoungGen      total 68096K, used 68076K [0x00000000eab00000, 0x00000000f4800000, 0x0000000100000000)
  eden space 65536K, 100% used [0x00000000eab00000,0x00000000eeb00000,0x00000000eeb00000)
  from space 2560K, 99% used [0x00000000eeb00000,0x00000000eed7b350,0x00000000eed80000)
  to   space 14848K, 0% used [0x00000000f3980000,0x00000000f3980000,0x00000000f4800000)
 ParOldGen       total 44032K, used 21790K [0x00000000c0000000, 0x00000000c2b00000, 0x00000000eab00000)
  object space 44032K, 49% used [0x00000000c0000000,0x00000000c1547af0,0x00000000c2b00000)
 Metaspace       used 6410K, capacity 7216K, committed 7296K, reserved 1056768K
  class space    used 601K, capacity 616K, committed 640K, reserved 1048576K
Event: 17.760 GC heap after
Heap after GC invocations=6 (full 0):
 PSYoungGen      total 143360K, used 13490K [0x00000000eab00000, 0x00000000f4d00000, 0x0000000100000000)
  eden space 128512K, 0% used [0x00000000eab00000,0x00000000eab00000,0x00000000f2880000)
  from space 14848K, 90% used [0x00000000f3980000,0x00000000f46ac9b8,0x00000000f4800000)
  to   space 17408K, 0% used [0x00000000f2880000,0x00000000f2880000,0x00000000f3980000)
 ParOldGen       total 44032K, used 21790K [0x00000000c0000000, 0x00000000c2b00000, 0x00000000eab00000)
  object space 44032K, 49% used [0x00000000c0000000,0x00000000c1547af0,0x00000000c2b00000)
 Metaspace       used 6410K, capacity 7216K, committed 7296K, reserved 1056768K
  class space    used 601K, capacity 616K, committed 640K, reserved 1048576K
}
Event: 19.253 GC heap before
{Heap before GC invocations=7 (full 0):
 PSYoungGen      total 143360K, used 142002K [0x00000000eab00000, 0x00000000f4d00000, 0x0000000100000000)
  eden space 128512K, 100% used [0x00000000eab00000,0x00000000f2880000,0x00000000f2880000)
  from space 14848K, 90% used [0x00000000f3980000,0x00000000f46ac9b8,0x00000000f4800000)
  to   space 17408K, 0% used [0x00000000f2880000,0x00000000f2880000,0x00000000f3980000)
 ParOldGen       total 44032K, used 21790K [0x00000000c0000000, 0x00000000c2b00000, 0x00000000eab00000)
  object space 44032K, 49% used [0x00000000c0000000,0x00000000c1547af0,0x00000000c2b00000)
 Metaspace       used 6522K, capacity 7256K, committed 7424K, reserved 1056768K
  class space    used 621K, capacity 656K, committed 768K, reserved 1048576K
Event: 19.464 GC heap after
Heap after GC invocations=7 (full 0):
 PSYoungGen      total 145920K, used 17393K [0x00000000eab00000, 0x00000000fdd00000, 0x0000000100000000)
  eden space 128512K, 0% used [0x00000000eab00000,0x00000000eab00000,0x00000000f2880000)
  from space 17408K, 99% used [0x00000000f2880000,0x00000000f397c668,0x00000000f3980000)
  to   space 28160K, 0% used [0x00000000fc180000,0x00000000fc180000,0x00000000fdd00000)
 ParOldGen       total 44032K, used 36842K [0x00000000c0000000, 0x00000000c2b00000, 0x00000000eab00000)
  object space 44032K, 83% used [0x00000000c0000000,0x00000000c23fab68,0x00000000c2b00000)
 Metaspace       used 6522K, capacity 7256K, committed 7424K, reserved 1056768K
  class space    used 621K, capacity 656K, committed 768K, reserved 1048576K
}
Event: 19.464 GC heap before
{Heap before GC invocations=8 (full 1):
 PSYoungGen      total 145920K, used 17393K [0x00000000eab00000, 0x00000000fdd00000, 0x0000000100000000)
  eden space 128512K, 0% used [0x00000000eab00000,0x00000000eab00000,0x00000000f2880000)
  from space 17408K, 99% used [0x00000000f2880000,0x00000000f397c668,0x00000000f3980000)
  to   space 28160K, 0% used [0x00000000fc180000,0x00000000fc180000,0x00000000fdd00000)
 ParOldGen       total 44032K, used 36842K [0x00000000c0000000, 0x00000000c2b00000, 0x00000000eab00000)
  object space 44032K, 83% used [0x00000000c0000000,0x00000000c23fab68,0x00000000c2b00000)
 Metaspace       used 6522K, capacity 7256K, committed 7424K, reserved 1056768K
  class space    used 621K, capacity 656K, committed 768K, reserved 1048576K
Event: 20.968 GC heap after
Heap after GC invocations=8 (full 1):
 PSYoungGen      total 145920K, used 9684K [0x00000000eab00000, 0x00000000fdd00000, 0x0000000100000000)
  eden space 128512K, 0% used [0x00000000eab00000,0x00000000eab00000,0x00000000f2880000)
  from space 17408K, 55% used [0x00000000f2880000,0x00000000f31f5168,0x00000000f3980000)
  to   space 28160K, 0% used [0x00000000fc180000,0x00000000fc180000,0x00000000fdd00000)
 ParOldGen       total 83456K, used 43605K [0x00000000c0000000, 0x00000000c5180000, 0x00000000eab00000)
  object space 83456K, 52% used [0x00000000c0000000,0x00000000c2a956b0,0x00000000c5180000)
 Metaspace       used 6522K, capacity 7256K, committed 7424K, reserved 1056768K
  class space    used 621K, capacity 656K, committed 768K, reserved 1048576K
}
Event: 22.040 GC heap before
{Heap before GC invocations=9 (full 1):
 PSYoungGen      total 145920K, used 138196K [0x00000000eab00000, 0x00000000fdd00000, 0x0000000100000000)
  eden space 128512K, 100% used [0x00000000eab00000,0x00000000f2880000,0x00000000f2880000)
  from space 17408K, 55% used [0x00000000f2880000,0x00000000f31f5168,0x00000000f3980000)
  to   space 28160K, 0% used [0x00000000fc180000,0x00000000fc180000,0x00000000fdd00000)
 ParOldGen       total 83456K, used 43605K [0x00000000c0000000, 0x00000000c5180000, 0x00000000eab00000)
  object space 83456K, 52% used [0x00000000c0000000,0x00000000c2a956b0,0x00000000c5180000)
 Metaspace       used 6535K, capacity 7256K, committed 7424K, reserved 1056768K
  class space    used 621K, capacity 656K, committed 768K, reserved 1048576K
Event: 22.383 GC heap after
Heap after GC invocations=9 (full 1):
 PSYoungGen      total 229888K, used 28140K [0x00000000eab00000, 0x00000000fdd00000, 0x0000000100000000)
  eden space 201728K, 0% used [0x00000000eab00000,0x00000000eab00000,0x00000000f7000000)
  from space 28160K, 99% used [0x00000000fc180000,0x00000000fdcfb128,0x00000000fdd00000)
  to   space 34304K, 0% used [0x00000000f9a00000,0x00000000f9a00000,0x00000000fbb80000)
 ParOldGen       total 83456K, used 44809K [0x00000000c0000000, 0x00000000c5180000, 0x00000000eab00000)
  object space 83456K, 53% used [0x00000000c0000000,0x00000000c2bc2450,0x00000000c5180000)
 Metaspace       used 6535K, capacity 7256K, committed 7424K, reserved 1056768K
  class space    used 621K, capacity 656K, committed 768K, reserved 1048576K
}

Deoptimization events (10 events):
Event: 24.192 Thread 0x00000000562f5800 Uncommon trap: reason=class_check action=maybe_recompile pc=0x00000000028d9be8 method=java.util.Arrays.equals([Ljava/lang/Object;[Ljava/lang/Object;)Z @ 62
Event: 24.192 Thread 0x00000000562f5800 Uncommon trap: reason=speculate_class_check action=maybe_recompile pc=0x00000000028cfb40 method=com.android.dx.util.FixedSizeList.equals(Ljava/lang/Object;)Z @ 25
Event: 24.192 Thread 0x00000000562f5800 Uncommon trap: reason=class_check action=maybe_recompile pc=0x00000000028d9be8 method=java.util.Arrays.equals([Ljava/lang/Object;[Ljava/lang/Object;)Z @ 62
Event: 24.192 Thread 0x00000000562f5800 Uncommon trap: reason=speculate_class_check action=maybe_recompile pc=0x00000000028cfb40 method=com.android.dx.util.FixedSizeList.equals(Ljava/lang/Object;)Z @ 25
Event: 24.192 Thread 0x00000000562f5800 Uncommon trap: reason=unstable_if action=reinterpret pc=0x00000000028d9bc4 method=java.util.Arrays.equals([Ljava/lang/Object;[Ljava/lang/Object;)Z @ 23
Event: 24.193 Thread 0x00000000562f5800 Uncommon trap: reason=speculate_class_check action=maybe_recompile pc=0x00000000028cfb40 method=com.android.dx.util.FixedSizeList.equals(Ljava/lang/Object;)Z @ 25
Event: 24.193 Thread 0x00000000562f5800 Uncommon trap: reason=unstable_if action=reinterpret pc=0x0000000002d7e80c method=java.util.TreeMap.put(Ljava/lang/Object;Ljava/lang/Object;)Ljava/lang/Object; @ 163
Event: 24.736 Thread 0x00000000562f5800 Uncommon trap: reason=unstable_if action=reinterpret pc=0x0000000002c2a548 method=java.util.ArrayList.<init>(I)V @ 5
Event: 24.883 Thread 0x00000000562f5800 Uncommon trap: reason=unstable_if action=reinterpret pc=0x000000000295cbbc method=java.lang.Long.numberOfTrailingZeros(J)I @ 3
Event: 25.222 Thread 0x00000000562f5800 Uncommon trap: reason=unstable_if action=reinterpret pc=0x000000000286f29c method=java.util.Arrays.copyOf([Ljava/lang/Object;ILjava/lang/Class;)[Ljava/lang/Object; @ 3

Internal exceptions (8 events):
Event: 0.164 Thread 0x0000000001e8d800 Exception <a 'java/lang/NoSuchMethodError': Method sun.misc.Unsafe.defineClass(Ljava/lang/String;[BII)Ljava/lang/Class; name or signature does not match> (0x00000000eab0d1a8) thrown at [C:\re\workspace\8-2-build-windows-amd64-cygwin\jdk8u60\4407\hotspot\sra«ø9
Event: 0.164 Thread 0x0000000001e8d800 Exception <a 'java/lang/NoSuchMethodError': Method sun.misc.Unsafe.prefetchRead(Ljava/lang/Object;J)V name or signature does not match> (0x00000000eab0d490) thrown at [C:\re\workspace\8-2-build-windows-amd64-cygwin\jdk8u60\4407\hotspot\src\share\vm\prims\jä»3ä@
Event: 2.890 Thread 0x00000000562f1800 Implicit null exception at 0x00000000027d0b33 to 0x00000000027d24d5
Event: 3.392 Thread 0x0000000056308800 Implicit null exception at 0x0000000002880ad2 to 0x0000000002880b81
Event: 17.537 Thread 0x000000005630a000 Implicit null exception at 0x0000000002b5f781 to 0x0000000002b608e5
Event: 18.845 Thread 0x000000005630a000 Exception <a 'java/lang/ArrayIndexOutOfBoundsException': 18> (0x00000000edad1c30) thrown at [C:\re\workspace\8-2-build-windows-amd64-cygwin\jdk8u60\4407\hotspot\src\share\vm\interpreter\interpreterRuntime.cpp, line 366]
Event: 18.845 Thread 0x000000005630a000 Exception <a 'java/lang/ArrayIndexOutOfBoundsException': 145> (0x00000000edad37b0) thrown at [C:\re\workspace\8-2-build-windows-amd64-cygwin\jdk8u60\4407\hotspot\src\share\vm\interpreter\interpreterRuntime.cpp, line 366]
Event: 18.845 Thread 0x000000005630a000 Exception <a 'java/lang/ArrayIndexOutOfBoundsException'> (0x00000000edad4a98) thrown at [C:\re\workspace\8-2-build-windows-amd64-cygwin\jdk8u60\4407\hotspot\src\share\vm\runtime\sharedRuntime.cpp, line 605]

Events (10 events):
Event: 25.228 loading class java/security/MessageDigest$Delegate done
Event: 25.228 loading class sun/security/provider/ByteArrayAccess
Event: 25.228 loading class sun/security/provider/ByteArrayAccess done
Event: 25.232 Thread 0x00000000562f5800 DEOPT PACKING pc=0x0000000002823da0 sp=0x000000005685ef00
Event: 25.232 Thread 0x00000000562f5800 DEOPT UNPACKING pc=0x00000000025571bf sp=0x000000005685ec18 mode 0
Event: 25.255 loading class java/util/zip/Adler32
Event: 25.255 loading class java/util/zip/Adler32 done
Event: 25.256 Executing VM operation: RevokeBias
Event: 25.256 Executing VM operation: RevokeBias done
Event: 25.256 Thread 0x00000000562f5800 Thread exited: 0x00000000562f5800


Dynamic libraries:
0x000000013fb70000 - 0x000000013fba7000 	E:\jdk1.8.0_60\bin\java.exe
0x0000000077b10000 - 0x0000000077cb9000 	C:\Windows\SYSTEM32\ntdll.dll
0x00000000779f0000 - 0x0000000077b0f000 	C:\Windows\system32\kernel32.dll
0x000007fefdc80000 - 0x000007fefdceb000 	C:\Windows\system32\KERNELBASE.dll
0x000007fefe3c0000 - 0x000007fefe49b000 	C:\Windows\system32\ADVAPI32.dll
0x000007feffd80000 - 0x000007feffe1f000 	C:\Windows\system32\msvcrt.dll
0x000007fefe890000 - 0x000007fefe8af000 	C:\Windows\SYSTEM32\sechost.dll
0x000007fefe590000 - 0x000007fefe6bd000 	C:\Windows\system32\RPCRT4.dll
0x00000000778f0000 - 0x00000000779ea000 	C:\Windows\system32\USER32.dll
0x000007fefe170000 - 0x000007fefe1d7000 	C:\Windows\system32\GDI32.dll
0x000007fefe500000 - 0x000007fefe50e000 	C:\Windows\system32\LPK.dll
0x000007fefddf0000 - 0x000007fefdeb9000 	C:\Windows\system32\USP10.dll
0x000007fefbf60000 - 0x000007fefc154000 	C:\Windows\WinSxS\amd64_microsoft.windows.common-controls_6595b64144ccf1df_6.0.7601.17514_none_fa396087175ac9ac\COMCTL32.dll
0x000007fefe510000 - 0x000007fefe581000 	C:\Windows\system32\SHLWAPI.dll
0x000007fefdd70000 - 0x000007fefdd9e000 	C:\Windows\system32\IMM32.DLL
0x000007fefe6e0000 - 0x000007fefe7e9000 	C:\Windows\system32\MSCTF.dll
0x000000006e660000 - 0x000000006e732000 	E:\jdk1.8.0_60\jre\bin\msvcr100.dll
0x00000000734d0000 - 0x0000000073d59000 	E:\jdk1.8.0_60\jre\bin\server\jvm.dll
0x000007fefc3a0000 - 0x000007fefc3a9000 	C:\Windows\system32\WSOCK32.dll
0x000007fefdda0000 - 0x000007fefdded000 	C:\Windows\system32\WS2_32.dll
0x000007fefea10000 - 0x000007fefea18000 	C:\Windows\system32\NSI.dll
0x000007fef92c0000 - 0x000007fef92fb000 	C:\Windows\system32\WINMM.dll
0x000007fefca20000 - 0x000007fefca2c000 	C:\Windows\system32\VERSION.dll
0x0000000077ce0000 - 0x0000000077ce7000 	C:\Windows\system32\PSAPI.DLL
0x00000000756d0000 - 0x00000000756df000 	E:\jdk1.8.0_60\jre\bin\verify.dll
0x0000000075340000 - 0x0000000075369000 	E:\jdk1.8.0_60\jre\bin\java.dll
0x0000000075320000 - 0x0000000075336000 	E:\jdk1.8.0_60\jre\bin\zip.dll
0x000007fefef10000 - 0x000007feffc98000 	C:\Windows\system32\SHELL32.dll
0x000007fefeac0000 - 0x000007fefecc3000 	C:\Windows\system32\ole32.dll
0x000007fefd8c0000 - 0x000007fefd8cf000 	C:\Windows\system32\profapi.dll

VM Arguments:
jvm_args: -Djava.awt.headless=true -Xmx1024M -Dfile.encoding=windows-1252 -Duser.country=US -Duser.language=en -Duser.variant 
java_command: com.android.dx.command.Main --dex --force-jumbo --num-threads=4 --multi-dex --output C:\Users\Administrator\AndroidStudioProjects\AudioNotification\app\build\intermediates\transforms\dex\debug\folders\1000\10\com.android.support-support-v4-23.4.0_7564b571504aab944181dedf3bc6106754c65540 C:\Users\Administrator\AndroidStudioProjects\AudioNotification\app\build\intermediates\exploded-aar\com.android.support\support-v4\23.4.0\jars\classes.jar
java_class_path (initial): C:\Users\Administrator\AppData\Local\Android\sdk\build-tools\24.0.0\lib\dx.jar
Launcher Type: SUN_STANDARD

Environment Variables:
PATH=C:\ProgramData\Oracle\Java\javapath;C:\Windows\system32;C:\Windows;C:\Windows\System32\Wbem;C:\Windows\System32\WindowsPowerShell\v1.0\;E:\Git\cmd;E:\Git\mingw64\bin;E:\Git\usr\bin
USERNAME=Administrator
OS=Windows_NT
PROCESSOR_IDENTIFIER=Intel64 Family 6 Model 23 Stepping 10, GenuineIntel



---------------  S Y S T E M  ---------------

OS: Windows 7 , 64 bit Build 7601 (6.1.7601.18015)

CPU:total 2 (2 cores per cpu, 1 threads per core) family 6 model 23 stepping 10, cmov, cx8, fxsr, mmx, sse, sse2, sse3, ssse3, sse4.1, tsc

Memory: 4k page, physical 4157944k(550432k free), swap 4157944k(4908k free)

vm_info: Java HotSpot(TM) 64-Bit Server VM (25.60-b23) for windows-amd64 JRE (1.8.0_60-b27), built on Aug  4 2015 11:06:27 by "java_re" with MS VC++ 10.0 (VS2010)

time: Mon Jul 25 23:55:11 2016
elapsed time: 25 seconds (0d 0h 0m 25s)

