#
# There is insufficient memory for the Java Runtime Environment to continue.
# Native memory allocation (malloc) failed to allocate 131088 bytes for Chunk::new
# Possible reasons:
#   The system is out of physical RAM or swap space
#   In 32 bit mode, the process size limit was hit
# Possible solutions:
#   Reduce memory load on the system
#   Increase physical memory or swap space
#   Check if swap backing store is full
#   Use 64 bit Java on a 64 bit OS
#   Decrease Java heap size (-Xmx/-Xms)
#   Decrease number of Java threads
#   Decrease Java thread stack sizes (-Xss)
#   Set larger code cache with -XX:ReservedCodeCacheSize=
# This output file may be truncated or incomplete.
#
#  Out of Memory Error (allocation.cpp:390), pid=2060, tid=2680
#
# JRE version: Java(TM) SE Runtime Environment (8.0_60-b27) (build 1.8.0_60-b27)
# Java VM: Java HotSpot(TM) 64-Bit Server VM (25.60-b23 mixed mode windows-amd64 compressed oops)
# Failed to write core dump. Minidumps are not enabled by default on client versions of Windows
#

---------------  T H R E A D  ---------------

Current thread (0x0000000054b8e000):  JavaThread "C2 CompilerThread0" daemon [_thread_in_native, id=2680, stack(0x0000000055c20000,0x0000000055d20000)]

Stack: [0x0000000055c20000,0x0000000055d20000]
[error occurred during error reporting (printing stack bounds), id 0xc0000005]

Native frames: (J=compiled Java code, j=interpreted, Vv=VM code, C=native code)


Current CompileTask:
C2:  18831 2305       4       com.android.dx.cf.direct.StdAttributeFactory::parse0 (532 bytes)


---------------  P R O C E S S  ---------------

Java Threads: ( => current thread )
  0x000000005614c800 JavaThread "pool-2-thread-4" [_thread_blocked, id=2844, stack(0x0000000056bd0000,0x0000000056cd0000)]
  0x000000005614b000 JavaThread "pool-2-thread-3" [_thread_blocked, id=1344, stack(0x0000000056520000,0x0000000056620000)]
  0x000000005614a000 JavaThread "pool-2-thread-2" [_thread_in_Java, id=3616, stack(0x00000000569d0000,0x0000000056ad0000)]
  0x0000000056143000 JavaThread "pool-3-thread-1" [_thread_blocked, id=1044, stack(0x0000000056850000,0x0000000056950000)]
  0x0000000056142000 JavaThread "pool-2-thread-1" [_thread_blocked, id=3256, stack(0x0000000056640000,0x0000000056740000)]
  0x0000000054b93000 JavaThread "Service Thread" daemon [_thread_blocked, id=2372, stack(0x0000000055e40000,0x0000000055f40000)]
  0x0000000054b90000 JavaThread "C1 CompilerThread1" daemon [_thread_blocked, id=2772, stack(0x0000000055d30000,0x0000000055e30000)]
=>0x0000000054b8e000 JavaThread "C2 CompilerThread0" daemon [_thread_in_native, id=2680, stack(0x0000000055c20000,0x0000000055d20000)]
  0x0000000054b8a800 JavaThread "Attach Listener" daemon [_thread_blocked, id=996, stack(0x0000000055af0000,0x0000000055bf0000)]
  0x0000000054b89000 JavaThread "Signal Dispatcher" daemon [_thread_blocked, id=1528, stack(0x0000000055950000,0x0000000055a50000)]
  0x0000000054b28000 JavaThread "Finalizer" daemon [_thread_blocked, id=2992, stack(0x00000000557d0000,0x00000000558d0000)]
  0x0000000054b24800 JavaThread "Reference Handler" daemon [_thread_blocked, id=1304, stack(0x00000000556d0000,0x00000000557d0000)]
  0x0000000001fcd800 JavaThread "main" [_thread_blocked, id=2536, stack(0x0000000002000000,0x0000000002100000)]

Other Threads:
  0x0000000054b1c800 VMThread [stack: 0x00000000554c0000,0x00000000555c0000] [id=3344]
  0x0000000054bef800 WatcherThread [stack: 0x00000000563a0000,0x00000000564a0000] [id=2116]

VM state:not at safepoint (normal execution)

VM Mutex/Monitor currently owned by a thread: None

Heap:
 PSYoungGen      total 145408K, used 105628K [0x00000000eab00000, 0x00000000fdd00000, 0x0000000100000000)
  eden space 128512K, 75% used [0x00000000eab00000,0x00000000f0a2ff20,0x00000000f2880000)
  from space 16896K, 48% used [0x00000000f2880000,0x00000000f30773b8,0x00000000f3900000)
  to   space 28160K, 0% used [0x00000000fc180000,0x00000000fc180000,0x00000000fdd00000)
 ParOldGen       total 84992K, used 43961K [0x00000000c0000000, 0x00000000c5300000, 0x00000000eab00000)
  object space 84992K, 51% used [0x00000000c0000000,0x00000000c2aee620,0x00000000c5300000)
 Metaspace       used 6510K, capacity 7256K, committed 7424K, reserved 1056768K
  class space    used 621K, capacity 656K, committed 768K, reserved 1048576K

Card table byte_map: [0x00000000118b0000,0x0000000011ac0000] byte_map_base: 0x00000000112b0000

Marking Bits: (ParMarkBitMap*) 0x000000006d3aa5b0
 Begin Bits: [0x0000000011ff0000, 0x0000000012ff0000)
 End Bits:   [0x0000000012ff0000, 0x0000000013ff0000)

Polling page: 0x0000000000410000

CodeCache: size=245760Kb used=11381Kb max_used=11381Kb free=234378Kb
 bounds [0x00000000024f0000, 0x0000000003020000, 0x00000000114f0000]
 total_blobs=2522 nmethods=2254 adapters=182
 compilation: enabled

Compilation events (10 events):
Event: 18.788 Thread 0x0000000054b90000 2319       2       com.android.dx.ssa.ConstCollector$1::compare (42 bytes)
Event: 18.788 Thread 0x0000000054b90000 nmethod 2319 0x0000000003006890 code [0x0000000003006a40, 0x0000000003006dd8]
Event: 18.788 Thread 0x0000000054b90000 2311       3       com.android.dx.rop.code.Rops::opMul (29 bytes)
Event: 18.789 Thread 0x0000000054b90000 nmethod 2311 0x0000000002fedf10 code [0x0000000002fee080, 0x0000000002fee248]
Event: 18.816 Thread 0x0000000054b90000 2321       2       com.android.dx.ssa.DeadCodeRemover$NoSideEffectVisitor::visitMoveInsn (22 bytes)
Event: 18.816 Thread 0x0000000054b90000 nmethod 2321 0x0000000002feda10 code [0x0000000002fedb80, 0x0000000002fedd78]
Event: 18.817 Thread 0x0000000054b90000 2322       1       java.util.TreeMap$Entry::getKey (5 bytes)
Event: 18.817 Thread 0x0000000054b90000 nmethod 2322 0x0000000002fd9250 code [0x0000000002fd93a0, 0x0000000002fd94b0]
Event: 18.823 Thread 0x0000000054b90000 2323   !   2       com.android.dx.cf.code.ExecutionStack::change (116 bytes)
Event: 18.824 Thread 0x0000000054b90000 nmethod 2323 0x0000000003008790 code [0x0000000003008a20, 0x0000000003009478]

GC Heap History (10 events):
Event: 4.120 GC heap before
{Heap before GC invocations=4 (full 0):
 PSYoungGen      total 35328K, used 35300K [0x00000000eab00000, 0x00000000ef000000, 0x0000000100000000)
  eden space 32768K, 100% used [0x00000000eab00000,0x00000000ecb00000,0x00000000ecb00000)
  from space 2560K, 98% used [0x00000000ecb00000,0x00000000ecd79320,0x00000000ecd80000)
  to   space 2560K, 0% used [0x00000000eed80000,0x00000000eed80000,0x00000000ef000000)
 ParOldGen       total 44032K, used 6541K [0x00000000c0000000, 0x00000000c2b00000, 0x00000000eab00000)
  object space 44032K, 14% used [0x00000000c0000000,0x00000000c0663788,0x00000000c2b00000)
 Metaspace       used 6187K, capacity 7088K, committed 7296K, reserved 1056768K
  class space    used 599K, capacity 616K, committed 640K, reserved 1048576K
Event: 4.182 GC heap after
Heap after GC invocations=4 (full 0):
 PSYoungGen      total 68096K, used 2548K [0x00000000eab00000, 0x00000000ef000000, 0x0000000100000000)
  eden space 65536K, 0% used [0x00000000eab00000,0x00000000eab00000,0x00000000eeb00000)
  from space 2560K, 99% used [0x00000000eed80000,0x00000000eeffd090,0x00000000ef000000)
  to   space 2560K, 0% used [0x00000000eeb00000,0x00000000eeb00000,0x00000000eed80000)
 ParOldGen       total 44032K, used 10805K [0x00000000c0000000, 0x00000000c2b00000, 0x00000000eab00000)
  object space 44032K, 24% used [0x00000000c0000000,0x00000000c0a8d690,0x00000000c2b00000)
 Metaspace       used 6187K, capacity 7088K, committed 7296K, reserved 1056768K
  class space    used 599K, capacity 616K, committed 640K, reserved 1048576K
}
Event: 10.445 GC heap before
{Heap before GC invocations=5 (full 0):
 PSYoungGen      total 68096K, used 68084K [0x00000000eab00000, 0x00000000ef000000, 0x0000000100000000)
  eden space 65536K, 100% used [0x00000000eab00000,0x00000000eeb00000,0x00000000eeb00000)
  from space 2560K, 99% used [0x00000000eed80000,0x00000000eeffd090,0x00000000ef000000)
  to   space 2560K, 0% used [0x00000000eeb00000,0x00000000eeb00000,0x00000000eed80000)
 ParOldGen       total 44032K, used 10805K [0x00000000c0000000, 0x00000000c2b00000, 0x00000000eab00000)
  object space 44032K, 24% used [0x00000000c0000000,0x00000000c0a8d690,0x00000000c2b00000)
 Metaspace       used 6263K, capacity 7088K, committed 7296K, reserved 1056768K
  class space    used 601K, capacity 616K, committed 640K, reserved 1048576K
Event: 10.544 GC heap after
Heap after GC invocations=5 (full 0):
 PSYoungGen      total 68096K, used 2556K [0x00000000eab00000, 0x00000000f4700000, 0x0000000100000000)
  eden space 65536K, 0% used [0x00000000eab00000,0x00000000eab00000,0x00000000eeb00000)
  from space 2560K, 99% used [0x00000000eeb00000,0x00000000eed7f348,0x00000000eed80000)
  to   space 14336K, 0% used [0x00000000f3900000,0x00000000f3900000,0x00000000f4700000)
 ParOldGen       total 44032K, used 21514K [0x00000000c0000000, 0x00000000c2b00000, 0x00000000eab00000)
  object space 44032K, 48% used [0x00000000c0000000,0x00000000c1502850,0x00000000c2b00000)
 Metaspace       used 6263K, capacity 7088K, committed 7296K, reserved 1056768K
  class space    used 601K, capacity 616K, committed 640K, reserved 1048576K
}
Event: 14.872 GC heap before
{Heap before GC invocations=6 (full 0):
 PSYoungGen      total 68096K, used 68092K [0x00000000eab00000, 0x00000000f4700000, 0x0000000100000000)
  eden space 65536K, 100% used [0x00000000eab00000,0x00000000eeb00000,0x00000000eeb00000)
  from space 2560K, 99% used [0x00000000eeb00000,0x00000000eed7f348,0x00000000eed80000)
  to   space 14336K, 0% used [0x00000000f3900000,0x00000000f3900000,0x00000000f4700000)
 ParOldGen       total 44032K, used 21514K [0x00000000c0000000, 0x00000000c2b00000, 0x00000000eab00000)
  object space 44032K, 48% used [0x00000000c0000000,0x00000000c1502850,0x00000000c2b00000)
 Metaspace       used 6345K, capacity 7152K, committed 7296K, reserved 1056768K
  class space    used 601K, capacity 616K, committed 640K, reserved 1048576K
Event: 15.032 GC heap after
Heap after GC invocations=6 (full 0):
 PSYoungGen      total 142848K, used 13425K [0x00000000eab00000, 0x00000000f4c00000, 0x0000000100000000)
  eden space 128512K, 0% used [0x00000000eab00000,0x00000000eab00000,0x00000000f2880000)
  from space 14336K, 93% used [0x00000000f3900000,0x00000000f461c7d0,0x00000000f4700000)
  to   space 16896K, 0% used [0x00000000f2880000,0x00000000f2880000,0x00000000f3900000)
 ParOldGen       total 44032K, used 21514K [0x00000000c0000000, 0x00000000c2b00000, 0x00000000eab00000)
  object space 44032K, 48% used [0x00000000c0000000,0x00000000c1502850,0x00000000c2b00000)
 Metaspace       used 6345K, capacity 7152K, committed 7296K, reserved 1056768K
  class space    used 601K, capacity 616K, committed 640K, reserved 1048576K
}
Event: 16.332 GC heap before
{Heap before GC invocations=7 (full 0):
 PSYoungGen      total 142848K, used 141937K [0x00000000eab00000, 0x00000000f4c00000, 0x0000000100000000)
  eden space 128512K, 100% used [0x00000000eab00000,0x00000000f2880000,0x00000000f2880000)
  from space 14336K, 93% used [0x00000000f3900000,0x00000000f461c7d0,0x00000000f4700000)
  to   space 16896K, 0% used [0x00000000f2880000,0x00000000f2880000,0x00000000f3900000)
 ParOldGen       total 44032K, used 21514K [0x00000000c0000000, 0x00000000c2b00000, 0x00000000eab00000)
  object space 44032K, 48% used [0x00000000c0000000,0x00000000c1502850,0x00000000c2b00000)
 Metaspace       used 6481K, capacity 7256K, committed 7424K, reserved 1056768K
  class space    used 621K, capacity 656K, committed 768K, reserved 1048576K
Event: 16.491 GC heap after
Heap after GC invocations=7 (full 0):
 PSYoungGen      total 145408K, used 16882K [0x00000000eab00000, 0x00000000fdd00000, 0x0000000100000000)
  eden space 128512K, 0% used [0x00000000eab00000,0x00000000eab00000,0x00000000f2880000)
  from space 16896K, 99% used [0x00000000f2880000,0x00000000f38fc848,0x00000000f3900000)
  to   space 28160K, 0% used [0x00000000fc180000,0x00000000fc180000,0x00000000fdd00000)
 ParOldGen       total 44032K, used 37332K [0x00000000c0000000, 0x00000000c2b00000, 0x00000000eab00000)
  object space 44032K, 84% used [0x00000000c0000000,0x00000000c2475118,0x00000000c2b00000)
 Metaspace       used 6481K, capacity 7256K, committed 7424K, reserved 1056768K
  class space    used 621K, capacity 656K, committed 768K, reserved 1048576K
}
Event: 16.491 GC heap before
{Heap before GC invocations=8 (full 1):
 PSYoungGen      total 145408K, used 16882K [0x00000000eab00000, 0x00000000fdd00000, 0x0000000100000000)
  eden space 128512K, 0% used [0x00000000eab00000,0x00000000eab00000,0x00000000f2880000)
  from space 16896K, 99% used [0x00000000f2880000,0x00000000f38fc848,0x00000000f3900000)
  to   space 28160K, 0% used [0x00000000fc180000,0x00000000fc180000,0x00000000fdd00000)
 ParOldGen       total 44032K, used 37332K [0x00000000c0000000, 0x00000000c2b00000, 0x00000000eab00000)
  object space 44032K, 84% used [0x00000000c0000000,0x00000000c2475118,0x00000000c2b00000)
 Metaspace       used 6481K, capacity 7256K, committed 7424K, reserved 1056768K
  class space    used 621K, capacity 656K, committed 768K, reserved 1048576K
Event: 17.585 GC heap after
Heap after GC invocations=8 (full 1):
 PSYoungGen      total 145408K, used 8156K [0x00000000eab00000, 0x00000000fdd00000, 0x0000000100000000)
  eden space 128512K, 0% used [0x00000000eab00000,0x00000000eab00000,0x00000000f2880000)
  from space 16896K, 48% used [0x00000000f2880000,0x00000000f30773b8,0x00000000f3900000)
  to   space 28160K, 0% used [0x00000000fc180000,0x00000000fc180000,0x00000000fdd00000)
 ParOldGen       total 84992K, used 43961K [0x00000000c0000000, 0x00000000c5300000, 0x00000000eab00000)
  object space 84992K, 51% used [0x00000000c0000000,0x00000000c2aee620,0x00000000c5300000)
 Metaspace       used 6481K, capacity 7256K, committed 7424K, reserved 1056768K
  class space    used 621K, capacity 656K, committed 768K, reserved 1048576K
}

Deoptimization events (10 events):
Event: 15.459 Thread 0x000000005614b000 Uncommon trap: reason=class_check action=maybe_recompile pc=0x0000000002f157c0 method=com.android.dx.cf.code.Ropper.processBlock(Lcom/android/dx/cf/code/ByteBlock;Lcom/android/dx/cf/code/Frame;[I)V @ 711
Event: 15.530 Thread 0x0000000056142000 Uncommon trap: reason=bimorphic action=maybe_recompile pc=0x0000000002c80100 method=com.android.dx.ssa.LiteralOpUpgrader.tryReplacingWithConstant(Lcom/android/dx/ssa/NormalSsaInsn;)Z @ 62
Event: 15.530 Thread 0x0000000056142000 Uncommon trap: reason=unstable_if action=reinterpret pc=0x0000000002d5ba70 method=com.android.dx.ssa.LiteralOpUpgrader$1.visitNonMoveInsn(Lcom/android/dx/ssa/NormalSsaInsn;)V @ 24
Event: 15.532 Thread 0x0000000056142000 Uncommon trap: reason=bimorphic action=maybe_recompile pc=0x0000000002d00084 method=com.android.dx.ssa.LiteralOpUpgrader.tryReplacingWithConstant(Lcom/android/dx/ssa/NormalSsaInsn;)Z @ 62
Event: 15.709 Thread 0x0000000056142000 Uncommon trap: reason=unstable_if action=reinterpret pc=0x0000000002f52a58 method=java.util.HashMap.putVal(ILjava/lang/Object;Ljava/lang/Object;ZZ)Ljava/lang/Object; @ 109
Event: 15.711 Thread 0x0000000056142000 Uncommon trap: reason=bimorphic action=maybe_recompile pc=0x0000000002f87764 method=com.android.dx.cf.code.BytecodeArray.parseInstruction(ILcom/android/dx/cf/code/BytecodeArray$Visitor;)I @ 971
Event: 15.711 Thread 0x0000000056142000 Uncommon trap: reason=bimorphic action=maybe_recompile pc=0x0000000002f87764 method=com.android.dx.cf.code.BytecodeArray.parseInstruction(ILcom/android/dx/cf/code/BytecodeArray$Visitor;)I @ 971
Event: 17.792 Thread 0x000000005614a000 Uncommon trap: reason=unstable_if action=reinterpret pc=0x0000000002f57824 method=java.util.HashMap.putVal(ILjava/lang/Object;Ljava/lang/Object;ZZ)Ljava/lang/Object; @ 162
Event: 17.792 Thread 0x000000005614a000 Uncommon trap: reason=unstable_if action=reinterpret pc=0x0000000002970acc method=java.util.HashMap.putVal(ILjava/lang/Object;Ljava/lang/Object;ZZ)Ljava/lang/Object; @ 162
Event: 18.760 Thread 0x000000005614a000 Uncommon trap: reason=class_check action=maybe_recompile pc=0x0000000002fc26a8 method=com.android.dx.cf.code.RopperMachine.run(Lcom/android/dx/cf/code/Frame;II)V @ 1024

Internal exceptions (8 events):
Event: 0.116 Thread 0x0000000001fcd800 Exception <a 'java/lang/NoSuchMethodError': Method sun.misc.Unsafe.defineClass(Ljava/lang/String;[BII)Ljava/lang/Class; name or signature does not match> (0x00000000eab0d1a8) thrown at [C:\re\workspace\8-2-build-windows-amd64-cygwin\jdk8u60\4407\hotspot\srÕžEé¿½?
Event: 0.116 Thread 0x0000000001fcd800 Exception <a 'java/lang/NoSuchMethodError': Method sun.misc.Unsafe.prefetchRead(Ljava/lang/Object;J)V name or signature does not match> (0x00000000eab0d490) thrown at [C:\re\workspace\8-2-build-windows-amd64-cygwin\jdk8u60\4407\hotspot\src\share\vm\prims\jôí?T(@
Event: 2.145 Thread 0x000000005614c800 Implicit null exception at 0x000000000277b458 to 0x000000000277cde1
Event: 6.699 Thread 0x000000005614b000 Implicit null exception at 0x0000000002c6777c to 0x0000000002c6b7fd
Event: 14.774 Thread 0x0000000056142000 Implicit null exception at 0x0000000002a5ea1b to 0x0000000002a5fc6d
Event: 15.379 Thread 0x0000000056142000 Exception <a 'java/lang/ArrayIndexOutOfBoundsException': 18> (0x00000000edc3cef0) thrown at [C:\re\workspace\8-2-build-windows-amd64-cygwin\jdk8u60\4407\hotspot\src\share\vm\interpreter\interpreterRuntime.cpp, line 366]
Event: 15.379 Thread 0x0000000056142000 Exception <a 'java/lang/ArrayIndexOutOfBoundsException': 145> (0x00000000edc3ea70) thrown at [C:\re\workspace\8-2-build-windows-amd64-cygwin\jdk8u60\4407\hotspot\src\share\vm\interpreter\interpreterRuntime.cpp, line 366]
Event: 15.379 Thread 0x0000000056142000 Exception <a 'java/lang/ArrayIndexOutOfBoundsException'> (0x00000000edc3fd58) thrown at [C:\re\workspace\8-2-build-windows-amd64-cygwin\jdk8u60\4407\hotspot\src\share\vm\runtime\sharedRuntime.cpp, line 605]

Events (10 events):
Event: 17.792 Thread 0x000000005614a000 Uncommon trap: trap_request=0xffffff65 fr.pc=0x0000000002970acc
Event: 17.792 Thread 0x000000005614a000 DEOPT PACKING pc=0x0000000002970acc sp=0x0000000056acec30
Event: 17.792 Thread 0x000000005614a000 DEOPT UNPACKING pc=0x000000000253556a sp=0x0000000056aceb68 mode 2
Event: 17.928 Thread 0x000000005614a000 DEOPT PACKING pc=0x0000000002e391f1 sp=0x0000000056aceed0
Event: 17.928 Thread 0x000000005614a000 DEOPT UNPACKING pc=0x00000000025371bf sp=0x0000000056acec60 mode 0
Event: 18.020 Thread 0x000000005614a000 DEOPT PACKING pc=0x0000000002f61ead sp=0x0000000056aced30
Event: 18.020 Thread 0x000000005614a000 DEOPT UNPACKING pc=0x00000000025371bf sp=0x0000000056aceb70 mode 0
Event: 18.760 Thread 0x000000005614a000 Uncommon trap: trap_request=0xffffffde fr.pc=0x0000000002fc26a8
Event: 18.760 Thread 0x000000005614a000 DEOPT PACKING pc=0x0000000002fc26a8 sp=0x0000000056acebd0
Event: 18.760 Thread 0x000000005614a000 DEOPT UNPACKING pc=0x000000000253556a sp=0x0000000056aceb68 mode 2


Dynamic libraries:
0x000000013f020000 - 0x000000013f057000 	E:\jdk1.8.0_60\bin\java.exe
0x0000000077b10000 - 0x0000000077cb9000 	C:\Windows\SYSTEM32\ntdll.dll
0x00000000779f0000 - 0x0000000077b0f000 	C:\Windows\system32\kernel32.dll
0x000007fefdc80000 - 0x000007fefdceb000 	C:\Windows\system32\KERNELBASE.dll
0x000007fefe3c0000 - 0x000007fefe49b000 	C:\Windows\system32\ADVAPI32.dll
0x000007feffd80000 - 0x000007feffe1f000 	C:\Windows\system32\msvcrt.dll
0x000007fefe890000 - 0x000007fefe8af000 	C:\Windows\SYSTEM32\sechost.dll
0x000007fefe590000 - 0x000007fefe6bd000 	C:\Windows\system32\RPCRT4.dll
0x00000000778f0000 - 0x00000000779ea000 	C:\Windows\system32\USER32.dll
0x000007fefe170000 - 0x000007fefe1d7000 	C:\Windows\system32\GDI32.dll
0x000007fefe500000 - 0x000007fefe50e000 	C:\Windows\system32\LPK.dll
0x000007fefddf0000 - 0x000007fefdeb9000 	C:\Windows\system32\USP10.dll
0x000007fefbf60000 - 0x000007fefc154000 	C:\Windows\WinSxS\amd64_microsoft.windows.common-controls_6595b64144ccf1df_6.0.7601.17514_none_fa396087175ac9ac\COMCTL32.dll
0x000007fefe510000 - 0x000007fefe581000 	C:\Windows\system32\SHLWAPI.dll
0x000007fefdd70000 - 0x000007fefdd9e000 	C:\Windows\system32\IMM32.DLL
0x000007fefe6e0000 - 0x000007fefe7e9000 	C:\Windows\system32\MSCTF.dll
0x0000000073c30000 - 0x0000000073d02000 	E:\jdk1.8.0_60\jre\bin\msvcr100.dll
0x000000006cba0000 - 0x000000006d429000 	E:\jdk1.8.0_60\jre\bin\server\jvm.dll
0x000007fefc3a0000 - 0x000007fefc3a9000 	C:\Windows\system32\WSOCK32.dll
0x000007fefdda0000 - 0x000007fefdded000 	C:\Windows\system32\WS2_32.dll
0x000007fefea10000 - 0x000007fefea18000 	C:\Windows\system32\NSI.dll
0x000007fef92c0000 - 0x000007fef92fb000 	C:\Windows\system32\WINMM.dll
0x000007fefca20000 - 0x000007fefca2c000 	C:\Windows\system32\VERSION.dll
0x0000000077ce0000 - 0x0000000077ce7000 	C:\Windows\system32\PSAPI.DLL
0x00000000756c0000 - 0x00000000756cf000 	E:\jdk1.8.0_60\jre\bin\verify.dll
0x0000000075310000 - 0x0000000075339000 	E:\jdk1.8.0_60\jre\bin\java.dll
0x0000000075350000 - 0x0000000075366000 	E:\jdk1.8.0_60\jre\bin\zip.dll
0x000007fefef10000 - 0x000007feffc98000 	C:\Windows\system32\SHELL32.dll
0x000007fefeac0000 - 0x000007fefecc3000 	C:\Windows\system32\ole32.dll
0x000007fefd8c0000 - 0x000007fefd8cf000 	C:\Windows\system32\profapi.dll

VM Arguments:
jvm_args: -Djava.awt.headless=true -Xmx1024M -Dfile.encoding=windows-1252 -Duser.country=US -Duser.language=en -Duser.variant 
java_command: com.android.dx.command.Main --dex --force-jumbo --num-threads=4 --multi-dex --output C:\Users\Administrator\AndroidStudioProjects\AudioNotification\app\build\intermediates\transforms\dex\debug\folders\1000\10\com.android.support-support-v4-23.4.0_7564b571504aab944181dedf3bc6106754c65540 C:\Users\Administrator\AndroidStudioProjects\AudioNotification\app\build\intermediates\exploded-aar\com.android.support\support-v4\23.4.0\jars\classes.jar
java_class_path (initial): C:\Users\Administrator\AppData\Local\Android\sdk\build-tools\24.0.0\lib\dx.jar
Launcher Type: SUN_STANDARD

Environment Variables:
PATH=C:\ProgramData\Oracle\Java\javapath;C:\Windows\system32;C:\Windows;C:\Windows\System32\Wbem;C:\Windows\System32\WindowsPowerShell\v1.0\;E:\Git\cmd;E:\Git\mingw64\bin;E:\Git\usr\bin
USERNAME=Administrator
OS=Windows_NT
PROCESSOR_IDENTIFIER=Intel64 Family 6 Model 23 Stepping 10, GenuineIntel



---------------  S Y S T E M  ---------------

OS: Windows 7 , 64 bit Build 7601 (6.1.7601.18015)

CPU:total 2 (2 cores per cpu, 1 threads per core) family 6 model 23 stepping 10, cmov, cx8, fxsr, mmx, sse, sse2, sse3, ssse3, sse4.1, tsc

Memory: 4k page, physical 4157944k(662508k free), swap 4157944k(5572k free)

vm_info: Java HotSpot(TM) 64-Bit Server VM (25.60-b23) for windows-amd64 JRE (1.8.0_60-b27), built on Aug  4 2015 11:06:27 by "java_re" with MS VC++ 10.0 (VS2010)

time: Tue Jul 26 01:25:22 2016
elapsed time: 18 seconds (0d 0h 0m 18s)

