#
# There is insufficient memory for the Java Runtime Environment to continue.
# Native memory allocation (malloc) failed to allocate 442416 bytes for Chunk::new
# Possible reasons:
#   The system is out of physical RAM or swap space
#   In 32 bit mode, the process size limit was hit
# Possible solutions:
#   Reduce memory load on the system
#   Increase physical memory or swap space
#   Check if swap backing store is full
#   Use 64 bit Java on a 64 bit OS
#   Decrease Java heap size (-Xmx/-Xms)
#   Decrease number of Java threads
#   Decrease Java thread stack sizes (-Xss)
#   Set larger code cache with -XX:ReservedCodeCacheSize=
# This output file may be truncated or incomplete.
#
#  Out of Memory Error (allocation.cpp:390), pid=2992, tid=1280
#
# JRE version: Java(TM) SE Runtime Environment (8.0_60-b27) (build 1.8.0_60-b27)
# Java VM: Java HotSpot(TM) 64-Bit Server VM (25.60-b23 mixed mode windows-amd64 compressed oops)
# Failed to write core dump. Minidumps are not enabled by default on client versions of Windows
#

---------------  T H R E A D  ---------------

Current thread (0x0000000054c19000):  JavaThread "C2 CompilerThread0" daemon [_thread_in_native, id=1280, stack(0x0000000055b30000,0x0000000055c30000)]

Stack: [0x0000000055b30000,0x0000000055c30000]
[error occurred during error reporting (printing stack bounds), id 0xc0000005]

Native frames: (J=compiled Java code, j=interpreted, Vv=VM code, C=native code)


Current CompileTask:
C2:  11283 1911       4       com.android.dx.ssa.LocalVariableExtractor::processBlock (383 bytes)


---------------  P R O C E S S  ---------------

Java Threads: ( => current thread )
  0x000000005603e800 JavaThread "pool-2-thread-4" [_thread_blocked, id=3008, stack(0x0000000057410000,0x0000000057510000)]
  0x0000000056572800 JavaThread "pool-2-thread-3" [_thread_blocked, id=3124, stack(0x0000000056d00000,0x0000000056e00000)]
  0x0000000056571800 JavaThread "pool-2-thread-2" [_thread_blocked, id=4084, stack(0x00000000571e0000,0x00000000572e0000)]
  0x0000000056567000 JavaThread "pool-3-thread-1" [_thread_blocked, id=3432, stack(0x0000000056fd0000,0x00000000570d0000)]
  0x0000000056566000 JavaThread "pool-2-thread-1" [_thread_blocked, id=1460, stack(0x0000000056e10000,0x0000000056f10000)]
  0x0000000055e28800 JavaThread "Service Thread" daemon [_thread_blocked, id=2928, stack(0x00000000563e0000,0x00000000564e0000)]
  0x0000000054c1e800 JavaThread "C1 CompilerThread1" daemon [_thread_blocked, id=2940, stack(0x0000000055d20000,0x0000000055e20000)]
=>0x0000000054c19000 JavaThread "C2 CompilerThread0" daemon [_thread_in_native, id=1280, stack(0x0000000055b30000,0x0000000055c30000)]
  0x0000000054c26800 JavaThread "Attach Listener" daemon [_thread_blocked, id=3844, stack(0x0000000055a00000,0x0000000055b00000)]
  0x0000000054c25000 JavaThread "Signal Dispatcher" daemon [_thread_blocked, id=2344, stack(0x00000000558e0000,0x00000000559e0000)]
  0x0000000054bbf800 JavaThread "Finalizer" daemon [_thread_blocked, id=3936, stack(0x00000000555b0000,0x00000000556b0000)]
  0x0000000054bb4800 JavaThread "Reference Handler" daemon [_thread_blocked, id=3212, stack(0x00000000556c0000,0x00000000557c0000)]
  0x0000000001f8d800 JavaThread "main" [_thread_blocked, id=2068, stack(0x00000000021f0000,0x00000000022f0000)]

Other Threads:
  0x0000000054bad000 VMThread [stack: 0x0000000055400000,0x0000000055500000] [id=3852]
  0x0000000055e60000 WatcherThread [stack: 0x00000000562d0000,0x00000000563d0000] [id=940]

VM state:not at safepoint (normal execution)

VM Mutex/Monitor currently owned by a thread: None

Heap:
 PSYoungGen      total 68096K, used 9468K [0x00000000eab00000, 0x00000000f4600000, 0x0000000100000000)
  eden space 65536K, 10% used [0x00000000eab00000,0x00000000eb1c15d8,0x00000000eeb00000)
  from space 2560K, 99% used [0x00000000eeb00000,0x00000000eed7dd68,0x00000000eed80000)
  to   space 13824K, 0% used [0x00000000f3880000,0x00000000f3880000,0x00000000f4600000)
 ParOldGen       total 44032K, used 22996K [0x00000000c0000000, 0x00000000c2b00000, 0x00000000eab00000)
  object space 44032K, 52% used [0x00000000c0000000,0x00000000c1675010,0x00000000c2b00000)
 Metaspace       used 6354K, capacity 7192K, committed 7424K, reserved 1056768K
  class space    used 620K, capacity 656K, committed 768K, reserved 1048576K

Card table byte_map: [0x0000000011980000,0x0000000011b90000] byte_map_base: 0x0000000011380000

Marking Bits: (ParMarkBitMap*) 0x000000007526a5b0
 Begin Bits: [0x0000000012080000, 0x0000000013080000)
 End Bits:   [0x0000000013080000, 0x0000000014080000)

Polling page: 0x00000000001a0000

CodeCache: size=245760Kb used=9553Kb max_used=9553Kb free=236206Kb
 bounds [0x00000000025c0000, 0x0000000002f20000, 0x00000000115c0000]
 total_blobs=2196 nmethods=1928 adapters=182
 compilation: enabled

Compilation events (10 events):
Event: 11.220 Thread 0x0000000054c1e800 1932   !   3       sun.reflect.generics.parser.SignatureParser::current (40 bytes)
Event: 11.220 Thread 0x0000000054c1e800 nmethod 1932 0x0000000002f00590 code [0x0000000002f00700, 0x0000000002f008b0]
Event: 11.221 Thread 0x0000000054c1e800 1936   !   2       com.android.dx.rop.code.RegisterSpec::intern (70 bytes)
Event: 11.221 Thread 0x0000000054c1e800 nmethod 1936 0x0000000002effa10 code [0x0000000002effbc0, 0x0000000002f00108]
Event: 11.226 Thread 0x0000000054c1e800 1937       2       java.util.HashMap::getNode (148 bytes)
Event: 11.227 Thread 0x0000000054c1e800 nmethod 1937 0x0000000002eff050 code [0x0000000002eff200, 0x0000000002eff648]
Event: 11.229 Thread 0x0000000054c1e800 1938       2       java.util.HashMap::putVal (300 bytes)
Event: 11.230 Thread 0x0000000054c1e800 nmethod 1938 0x0000000002f1a490 code [0x0000000002f1a6a0, 0x0000000002f1adb8]
Event: 11.231 Thread 0x0000000054c1e800 1939       2       com.android.dx.ssa.back.FirstFitLocalCombiningAllocator::handleNormalUnassociated (99 bytes)
Event: 11.232 Thread 0x0000000054c1e800 nmethod 1939 0x0000000002f1b410 code [0x0000000002f1b640, 0x0000000002f1bbf8]

GC Heap History (10 events):
Event: 0.583 GC heap before
{Heap before GC invocations=1 (full 0):
 PSYoungGen      total 18944K, used 16384K [0x00000000eab00000, 0x00000000ec000000, 0x0000000100000000)
  eden space 16384K, 100% used [0x00000000eab00000,0x00000000ebb00000,0x00000000ebb00000)
  from space 2560K, 0% used [0x00000000ebd80000,0x00000000ebd80000,0x00000000ec000000)
  to   space 2560K, 0% used [0x00000000ebb00000,0x00000000ebb00000,0x00000000ebd80000)
 ParOldGen       total 44032K, used 0K [0x00000000c0000000, 0x00000000c2b00000, 0x00000000eab00000)
  object space 44032K, 0% used [0x00000000c0000000,0x00000000c0000000,0x00000000c2b00000)
 Metaspace       used 5476K, capacity 6512K, committed 6784K, reserved 1056768K
  class space    used 595K, capacity 616K, committed 640K, reserved 1048576K
Event: 0.599 GC heap after
Heap after GC invocations=1 (full 0):
 PSYoungGen      total 18944K, used 2548K [0x00000000eab00000, 0x00000000ed000000, 0x0000000100000000)
  eden space 16384K, 0% used [0x00000000eab00000,0x00000000eab00000,0x00000000ebb00000)
  from space 2560K, 99% used [0x00000000ebb00000,0x00000000ebd7d2d0,0x00000000ebd80000)
  to   space 2560K, 0% used [0x00000000ecd80000,0x00000000ecd80000,0x00000000ed000000)
 ParOldGen       total 44032K, used 864K [0x00000000c0000000, 0x00000000c2b00000, 0x00000000eab00000)
  object space 44032K, 1% used [0x00000000c0000000,0x00000000c00d8190,0x00000000c2b00000)
 Metaspace       used 5476K, capacity 6512K, committed 6784K, reserved 1056768K
  class space    used 595K, capacity 616K, committed 640K, reserved 1048576K
}
Event: 1.397 GC heap before
{Heap before GC invocations=2 (full 0):
 PSYoungGen      total 18944K, used 18932K [0x00000000eab00000, 0x00000000ed000000, 0x0000000100000000)
  eden space 16384K, 100% used [0x00000000eab00000,0x00000000ebb00000,0x00000000ebb00000)
  from space 2560K, 99% used [0x00000000ebb00000,0x00000000ebd7d2d0,0x00000000ebd80000)
  to   space 2560K, 0% used [0x00000000ecd80000,0x00000000ecd80000,0x00000000ed000000)
 ParOldGen       total 44032K, used 864K [0x00000000c0000000, 0x00000000c2b00000, 0x00000000eab00000)
  object space 44032K, 1% used [0x00000000c0000000,0x00000000c00d8190,0x00000000c2b00000)
 Metaspace       used 5979K, capacity 6896K, committed 7040K, reserved 1056768K
  class space    used 599K, capacity 616K, committed 640K, reserved 1048576K
Event: 1.430 GC heap after
Heap after GC invocations=2 (full 0):
 PSYoungGen      total 35328K, used 2529K [0x00000000eab00000, 0x00000000ed000000, 0x0000000100000000)
  eden space 32768K, 0% used [0x00000000eab00000,0x00000000eab00000,0x00000000ecb00000)
  from space 2560K, 98% used [0x00000000ecd80000,0x00000000ecff8698,0x00000000ed000000)
  to   space 2560K, 0% used [0x00000000ecb00000,0x00000000ecb00000,0x00000000ecd80000)
 ParOldGen       total 44032K, used 2493K [0x00000000c0000000, 0x00000000c2b00000, 0x00000000eab00000)
  object space 44032K, 5% used [0x00000000c0000000,0x00000000c026f748,0x00000000c2b00000)
 Metaspace       used 5979K, capacity 6896K, committed 7040K, reserved 1056768K
  class space    used 599K, capacity 616K, committed 640K, reserved 1048576K
}
Event: 4.345 GC heap before
{Heap before GC invocations=3 (full 0):
 PSYoungGen      total 35328K, used 35297K [0x00000000eab00000, 0x00000000ed000000, 0x0000000100000000)
  eden space 32768K, 100% used [0x00000000eab00000,0x00000000ecb00000,0x00000000ecb00000)
  from space 2560K, 98% used [0x00000000ecd80000,0x00000000ecff8698,0x00000000ed000000)
  to   space 2560K, 0% used [0x00000000ecb00000,0x00000000ecb00000,0x00000000ecd80000)
 ParOldGen       total 44032K, used 2493K [0x00000000c0000000, 0x00000000c2b00000, 0x00000000eab00000)
  object space 44032K, 5% used [0x00000000c0000000,0x00000000c026f748,0x00000000c2b00000)
 Metaspace       used 6166K, capacity 7088K, committed 7296K, reserved 1056768K
  class space    used 600K, capacity 616K, committed 640K, reserved 1048576K
Event: 4.366 GC heap after
Heap after GC invocations=3 (full 0):
 PSYoungGen      total 35328K, used 2534K [0x00000000eab00000, 0x00000000ef000000, 0x0000000100000000)
  eden space 32768K, 0% used [0x00000000eab00000,0x00000000eab00000,0x00000000ecb00000)
  from space 2560K, 99% used [0x00000000ecb00000,0x00000000ecd79b30,0x00000000ecd80000)
  to   space 2560K, 0% used [0x00000000eed80000,0x00000000eed80000,0x00000000ef000000)
 ParOldGen       total 44032K, used 7664K [0x00000000c0000000, 0x00000000c2b00000, 0x00000000eab00000)
  object space 44032K, 17% used [0x00000000c0000000,0x00000000c077c2b0,0x00000000c2b00000)
 Metaspace       used 6166K, capacity 7088K, committed 7296K, reserved 1056768K
  class space    used 600K, capacity 616K, committed 640K, reserved 1048576K
}
Event: 7.515 GC heap before
{Heap before GC invocations=4 (full 0):
 PSYoungGen      total 35328K, used 35302K [0x00000000eab00000, 0x00000000ef000000, 0x0000000100000000)
  eden space 32768K, 100% used [0x00000000eab00000,0x00000000ecb00000,0x00000000ecb00000)
  from space 2560K, 99% used [0x00000000ecb00000,0x00000000ecd79b30,0x00000000ecd80000)
  to   space 2560K, 0% used [0x00000000eed80000,0x00000000eed80000,0x00000000ef000000)
 ParOldGen       total 44032K, used 7664K [0x00000000c0000000, 0x00000000c2b00000, 0x00000000eab00000)
  object space 44032K, 17% used [0x00000000c0000000,0x00000000c077c2b0,0x00000000c2b00000)
 Metaspace       used 6212K, capacity 7088K, committed 7296K, reserved 1056768K
  class space    used 600K, capacity 616K, committed 640K, reserved 1048576K
Event: 7.599 GC heap after
Heap after GC invocations=4 (full 0):
 PSYoungGen      total 68096K, used 2534K [0x00000000eab00000, 0x00000000ef000000, 0x0000000100000000)
  eden space 65536K, 0% used [0x00000000eab00000,0x00000000eab00000,0x00000000eeb00000)
  from space 2560K, 99% used [0x00000000eed80000,0x00000000eeff9b08,0x00000000ef000000)
  to   space 2560K, 0% used [0x00000000eeb00000,0x00000000eeb00000,0x00000000eed80000)
 ParOldGen       total 44032K, used 12789K [0x00000000c0000000, 0x00000000c2b00000, 0x00000000eab00000)
  object space 44032K, 29% used [0x00000000c0000000,0x00000000c0c7d770,0x00000000c2b00000)
 Metaspace       used 6212K, capacity 7088K, committed 7296K, reserved 1056768K
  class space    used 600K, capacity 616K, committed 640K, reserved 1048576K
}
Event: 11.176 GC heap before
{Heap before GC invocations=5 (full 0):
 PSYoungGen      total 68096K, used 68070K [0x00000000eab00000, 0x00000000ef000000, 0x0000000100000000)
  eden space 65536K, 100% used [0x00000000eab00000,0x00000000eeb00000,0x00000000eeb00000)
  from space 2560K, 99% used [0x00000000eed80000,0x00000000eeff9b08,0x00000000ef000000)
  to   space 2560K, 0% used [0x00000000eeb00000,0x00000000eeb00000,0x00000000eed80000)
 ParOldGen       total 44032K, used 12789K [0x00000000c0000000, 0x00000000c2b00000, 0x00000000eab00000)
  object space 44032K, 29% used [0x00000000c0000000,0x00000000c0c7d770,0x00000000c2b00000)
 Metaspace       used 6262K, capacity 7152K, committed 7296K, reserved 1056768K
  class space    used 601K, capacity 616K, committed 640K, reserved 1048576K
Event: 11.211 GC heap after
Heap after GC invocations=5 (full 0):
 PSYoungGen      total 68096K, used 2551K [0x00000000eab00000, 0x00000000f4600000, 0x0000000100000000)
  eden space 65536K, 0% used [0x00000000eab00000,0x00000000eab00000,0x00000000eeb00000)
  from space 2560K, 99% used [0x00000000eeb00000,0x00000000eed7dd68,0x00000000eed80000)
  to   space 13824K, 0% used [0x00000000f3880000,0x00000000f3880000,0x00000000f4600000)
 ParOldGen       total 44032K, used 22996K [0x00000000c0000000, 0x00000000c2b00000, 0x00000000eab00000)
  object space 44032K, 52% used [0x00000000c0000000,0x00000000c1675010,0x00000000c2b00000)
 Metaspace       used 6262K, capacity 7152K, committed 7296K, reserved 1056768K
  class space    used 601K, capacity 616K, committed 640K, reserved 1048576K
}

Deoptimization events (10 events):
Event: 8.967 Thread 0x000000005603e800 Uncommon trap: reason=bimorphic action=maybe_recompile pc=0x0000000002d8347c method=com.android.dx.cf.code.BytecodeArray.parseInstruction(ILcom/android/dx/cf/code/BytecodeArray$Visitor;)I @ 955
Event: 8.967 Thread 0x000000005603e800 Uncommon trap: reason=bimorphic action=maybe_recompile pc=0x0000000002d8347c method=com.android.dx.cf.code.BytecodeArray.parseInstruction(ILcom/android/dx/cf/code/BytecodeArray$Visitor;)I @ 955
Event: 10.589 Thread 0x000000005603e800 Uncommon trap: reason=unstable_if action=reinterpret pc=0x0000000002e12190 method=com.android.dx.ssa.SCCP.simulateStmt(Lcom/android/dx/ssa/SsaInsn;)V @ 59
Event: 11.174 Thread 0x000000005603e800 Uncommon trap: reason=class_check action=maybe_recompile pc=0x0000000002c06190 method=com.android.dx.rop.code.RegisterSpec.withSimpleType()Lcom/android/dx/rop/code/RegisterSpec; @ 21
Event: 11.174 Thread 0x000000005603e800 Uncommon trap: reason=class_check action=maybe_recompile pc=0x0000000002c06190 method=com.android.dx.rop.code.RegisterSpec.withSimpleType()Lcom/android/dx/rop/code/RegisterSpec; @ 21
Event: 11.214 Thread 0x000000005603e800 Uncommon trap: reason=unstable_if action=reinterpret pc=0x0000000002ed08dc method=com.android.dx.ssa.InterferenceRegisterMapper.interferes(III)Z @ 69
Event: 11.214 Thread 0x000000005603e800 Uncommon trap: reason=unstable_if action=reinterpret pc=0x0000000002d357e0 method=com.android.dx.ssa.InterferenceRegisterMapper.interferes(III)Z @ 69
Event: 11.218 Thread 0x000000005603e800 Uncommon trap: reason=unstable_if action=reinterpret pc=0x0000000002936654 method=java.util.HashMap.putVal(ILjava/lang/Object;Ljava/lang/Object;ZZ)Ljava/lang/Object; @ 162
Event: 11.226 Thread 0x000000005603e800 Uncommon trap: reason=unstable_if action=reinterpret pc=0x0000000002870d80 method=java.util.HashMap.getNode(ILjava/lang/Object;)Ljava/util/HashMap$Node; @ 84
Event: 11.229 Thread 0x000000005603e800 Uncommon trap: reason=unstable_if action=reinterpret pc=0x0000000002d3e46c method=java.util.HashMap.putVal(ILjava/lang/Object;Ljava/lang/Object;ZZ)Ljava/lang/Object; @ 162

Internal exceptions (6 events):
Event: 0.029 Thread 0x0000000001f8d800 Exception <a 'java/lang/NoSuchMethodError': Method sun.misc.Unsafe.defineClass(Ljava/lang/String;[BII)Ljava/lang/Class; name or signature does not match> (0x00000000eab0ce00) thrown at [C:\re\workspace\8-2-build-windows-amd64-cygwin\jdk8u60\4407\hotspot\sr,ÔOHsGù?
Event: 0.029 Thread 0x0000000001f8d800 Exception <a 'java/lang/NoSuchMethodError': Method sun.misc.Unsafe.prefetchRead(Ljava/lang/Object;J)V name or signature does not match> (0x00000000eab0d0e8) thrown at [C:\re\workspace\8-2-build-windows-amd64-cygwin\jdk8u60\4407\hotspot\src\share\vm\prims\j<G÷gYÜÏ?
Event: 0.891 Thread 0x000000005603e800 Implicit null exception at 0x000000000286a0a3 to 0x000000000286b829
Event: 11.219 Thread 0x000000005603e800 Exception <a 'java/lang/ArrayIndexOutOfBoundsException': 18> (0x00000000eabb7c08) thrown at [C:\re\workspace\8-2-build-windows-amd64-cygwin\jdk8u60\4407\hotspot\src\share\vm\interpreter\interpreterRuntime.cpp, line 366]
Event: 11.220 Thread 0x000000005603e800 Exception <a 'java/lang/ArrayIndexOutOfBoundsException'> (0x00000000eabb9788) thrown at [C:\re\workspace\8-2-build-windows-amd64-cygwin\jdk8u60\4407\hotspot\src\share\vm\runtime\sharedRuntime.cpp, line 605]
Event: 11.220 Thread 0x000000005603e800 Exception <a 'java/lang/ArrayIndexOutOfBoundsException'> (0x00000000eabbaa70) thrown at [C:\re\workspace\8-2-build-windows-amd64-cygwin\jdk8u60\4407\hotspot\src\share\vm\runtime\sharedRuntime.cpp, line 605]

Events (10 events):
Event: 11.220 loading class sun/reflect/generics/reflectiveObjects/TypeVariableImpl
Event: 11.221 loading class sun/reflect/generics/reflectiveObjects/LazyReflectiveObjectGenerator
Event: 11.221 loading class sun/reflect/generics/reflectiveObjects/LazyReflectiveObjectGenerator done
Event: 11.221 loading class sun/reflect/generics/reflectiveObjects/TypeVariableImpl done
Event: 11.226 Thread 0x000000005603e800 Uncommon trap: trap_request=0xffffff65 fr.pc=0x0000000002870d80
Event: 11.226 Thread 0x000000005603e800 DEOPT PACKING pc=0x0000000002870d80 sp=0x000000005750e7b0
Event: 11.226 Thread 0x000000005603e800 DEOPT UNPACKING pc=0x000000000260556a sp=0x000000005750e728 mode 2
Event: 11.229 Thread 0x000000005603e800 Uncommon trap: trap_request=0xffffff65 fr.pc=0x0000000002d3e46c
Event: 11.229 Thread 0x000000005603e800 DEOPT PACKING pc=0x0000000002d3e46c sp=0x000000005750e8a0
Event: 11.229 Thread 0x000000005603e800 DEOPT UNPACKING pc=0x000000000260556a sp=0x000000005750e818 mode 2


Dynamic libraries:
0x000000013f5f0000 - 0x000000013f627000 	E:\jdk1.8.0_60\bin\java.exe
0x0000000077ab0000 - 0x0000000077c59000 	C:\Windows\SYSTEM32\ntdll.dll
0x0000000077990000 - 0x0000000077aaf000 	C:\Windows\system32\kernel32.dll
0x000007fefdbc0000 - 0x000007fefdc2b000 	C:\Windows\system32\KERNELBASE.dll
0x000007feff8f0000 - 0x000007feff9cb000 	C:\Windows\system32\ADVAPI32.dll
0x000007fefdfd0000 - 0x000007fefe06f000 	C:\Windows\system32\msvcrt.dll
0x000007feff600000 - 0x000007feff61f000 	C:\Windows\SYSTEM32\sechost.dll
0x000007feff370000 - 0x000007feff49d000 	C:\Windows\system32\RPCRT4.dll
0x0000000077890000 - 0x000000007798a000 	C:\Windows\system32\USER32.dll
0x000007fefe110000 - 0x000007fefe177000 	C:\Windows\system32\GDI32.dll
0x000007fefe180000 - 0x000007fefe18e000 	C:\Windows\system32\LPK.dll
0x000007fefdda0000 - 0x000007fefde69000 	C:\Windows\system32\USP10.dll
0x000007fefbf00000 - 0x000007fefc0f4000 	C:\Windows\WinSxS\amd64_microsoft.windows.common-controls_6595b64144ccf1df_6.0.7601.17514_none_fa396087175ac9ac\COMCTL32.dll
0x000007feff2e0000 - 0x000007feff351000 	C:\Windows\system32\SHLWAPI.dll
0x000007feff680000 - 0x000007feff6ae000 	C:\Windows\system32\IMM32.DLL
0x000007fefdc90000 - 0x000007fefdd99000 	C:\Windows\system32\MSCTF.dll
0x000000006fc00000 - 0x000000006fcd2000 	E:\jdk1.8.0_60\jre\bin\msvcr100.dll
0x0000000074a60000 - 0x00000000752e9000 	E:\jdk1.8.0_60\jre\bin\server\jvm.dll
0x000007fef0d70000 - 0x000007fef0d79000 	C:\Windows\system32\WSOCK32.dll
0x000007fefe190000 - 0x000007fefe1dd000 	C:\Windows\system32\WS2_32.dll
0x000007feff360000 - 0x000007feff368000 	C:\Windows\system32\NSI.dll
0x000007fef94a0000 - 0x000007fef94db000 	C:\Windows\system32\WINMM.dll
0x000007fefc9c0000 - 0x000007fefc9cc000 	C:\Windows\system32\VERSION.dll
0x0000000077c70000 - 0x0000000077c77000 	C:\Windows\system32\PSAPI.DLL
0x0000000075680000 - 0x000000007568f000 	E:\jdk1.8.0_60\jre\bin\verify.dll
0x0000000075650000 - 0x0000000075679000 	E:\jdk1.8.0_60\jre\bin\java.dll
0x0000000075630000 - 0x0000000075646000 	E:\jdk1.8.0_60\jre\bin\zip.dll
0x000007fefe550000 - 0x000007feff2d8000 	C:\Windows\system32\SHELL32.dll
0x000007feff9d0000 - 0x000007feffbd3000 	C:\Windows\system32\ole32.dll
0x000007fefd860000 - 0x000007fefd86f000 	C:\Windows\system32\profapi.dll

VM Arguments:
jvm_args: -Djava.awt.headless=true -Xmx1024M -Dfile.encoding=windows-1252 -Duser.country=US -Duser.language=en -Duser.variant 
java_command: com.android.dx.command.Main --dex --force-jumbo --num-threads=4 --multi-dex --output C:\Users\Administrator\AndroidStudioProjects\AudioNotification\app\build\intermediates\transforms\dex\debug\folders\1000\10\com.android.support-appcompat-v7-23.4.0_7f2895bc270d968610a1ae850564f2f76cd6ba2e C:\Users\Administrator\AndroidStudioProjects\AudioNotification\app\build\intermediates\exploded-aar\com.android.support\appcompat-v7\23.4.0\jars\classes.jar
java_class_path (initial): C:\Users\Administrator\AppData\Local\Android\sdk\build-tools\24.0.0\lib\dx.jar
Launcher Type: SUN_STANDARD

Environment Variables:
PATH=C:\ProgramData\Oracle\Java\javapath;C:\Windows\system32;C:\Windows;C:\Windows\System32\Wbem;C:\Windows\System32\WindowsPowerShell\v1.0\;E:\Git\cmd;E:\Git\mingw64\bin;E:\Git\usr\bin
USERNAME=Administrator
OS=Windows_NT
PROCESSOR_IDENTIFIER=Intel64 Family 6 Model 23 Stepping 10, GenuineIntel



---------------  S Y S T E M  ---------------

OS: Windows 7 , 64 bit Build 7601 (6.1.7601.18015)

CPU:total 2 (2 cores per cpu, 1 threads per core) family 6 model 23 stepping 10, cmov, cx8, fxsr, mmx, sse, sse2, sse3, ssse3, sse4.1, tsc

Memory: 4k page, physical 4157944k(596800k free), swap 4157944k(5368k free)

vm_info: Java HotSpot(TM) 64-Bit Server VM (25.60-b23) for windows-amd64 JRE (1.8.0_60-b27), built on Aug  4 2015 11:06:27 by "java_re" with MS VC++ 10.0 (VS2010)

time: Mon Jul 25 11:46:59 2016
elapsed time: 11 seconds (0d 0h 0m 11s)

