#
# There is insufficient memory for the Java Runtime Environment to continue.
# Native memory allocation (malloc) failed to allocate 78496 bytes for Chunk::new
# Possible reasons:
#   The system is out of physical RAM or swap space
#   In 32 bit mode, the process size limit was hit
# Possible solutions:
#   Reduce memory load on the system
#   Increase physical memory or swap space
#   Check if swap backing store is full
#   Use 64 bit Java on a 64 bit OS
#   Decrease Java heap size (-Xmx/-Xms)
#   Decrease number of Java threads
#   Decrease Java thread stack sizes (-Xss)
#   Set larger code cache with -XX:ReservedCodeCacheSize=
# This output file may be truncated or incomplete.
#
#  Out of Memory Error (allocation.cpp:390), pid=3196, tid=3320
#
# JRE version: Java(TM) SE Runtime Environment (8.0_60-b27) (build 1.8.0_60-b27)
# Java VM: Java HotSpot(TM) 64-Bit Server VM (25.60-b23 mixed mode windows-amd64 compressed oops)
# Failed to write core dump. Minidumps are not enabled by default on client versions of Windows
#

---------------  T H R E A D  ---------------

Current thread (0x000000005490c000):  JavaThread "C2 CompilerThread0" daemon [_thread_in_native, id=3320, stack(0x0000000055800000,0x0000000055900000)]

Stack: [0x0000000055800000,0x0000000055900000]
[error occurred during error reporting (printing stack bounds), id 0xc0000005]

Native frames: (J=compiled Java code, j=interpreted, Vv=VM code, C=native code)


Current CompileTask:
C2:   1144  215       4       com.android.dx.rop.cst.CstString::utf8BytesToString (391 bytes)


---------------  P R O C E S S  ---------------

Java Threads: ( => current thread )
  0x0000000056396000 JavaThread "pool-2-thread-4" [_thread_blocked, id=2636, stack(0x0000000056af0000,0x0000000056bf0000)]
  0x0000000056386800 JavaThread "pool-2-thread-3" [_thread_blocked, id=2676, stack(0x00000000568b0000,0x00000000569b0000)]
  0x0000000056385800 JavaThread "pool-2-thread-2" [_thread_blocked, id=3760, stack(0x0000000055cd0000,0x0000000055dd0000)]
  0x0000000056273800 JavaThread "pool-3-thread-1" [_thread_blocked, id=1832, stack(0x0000000055ab0000,0x0000000055bb0000)]
  0x0000000056269800 JavaThread "pool-2-thread-1" [_thread_blocked, id=2692, stack(0x0000000056780000,0x0000000056880000)]
  0x0000000054966800 JavaThread "Service Thread" daemon [_thread_blocked, id=3252, stack(0x0000000056080000,0x0000000056180000)]
  0x000000005490e000 JavaThread "C1 CompilerThread1" daemon [_thread_blocked, id=3652, stack(0x0000000055e20000,0x0000000055f20000)]
=>0x000000005490c000 JavaThread "C2 CompilerThread0" daemon [_thread_in_native, id=3320, stack(0x0000000055800000,0x0000000055900000)]
  0x0000000054908800 JavaThread "Attach Listener" daemon [_thread_blocked, id=3136, stack(0x0000000055bb0000,0x0000000055cb0000)]
  0x0000000054907000 JavaThread "Signal Dispatcher" daemon [_thread_blocked, id=1460, stack(0x00000000559b0000,0x0000000055ab0000)]
  0x00000000548a8000 JavaThread "Finalizer" daemon [_thread_blocked, id=3988, stack(0x00000000556f0000,0x00000000557f0000)]
  0x00000000548a4800 JavaThread "Reference Handler" daemon [_thread_blocked, id=3524, stack(0x0000000055550000,0x0000000055650000)]
  0x0000000001d2d800 JavaThread "main" [_thread_in_native, id=2260, stack(0x0000000001e70000,0x0000000001f70000)]

Other Threads:
  0x000000005489c800 VMThread [stack: 0x0000000055380000,0x0000000055480000] [id=1988]
  0x0000000056184000 WatcherThread [stack: 0x00000000565e0000,0x00000000566e0000] [id=892]

VM state:not at safepoint (normal execution)

VM Mutex/Monitor currently owned by a thread: None

Heap:
 PSYoungGen      total 18944K, used 5281K [0x00000000eab00000, 0x00000000ec000000, 0x0000000100000000)
  eden space 16384K, 32% used [0x00000000eab00000,0x00000000eb028630,0x00000000ebb00000)
  from space 2560K, 0% used [0x00000000ebd80000,0x00000000ebd80000,0x00000000ec000000)
  to   space 2560K, 0% used [0x00000000ebb00000,0x00000000ebb00000,0x00000000ebd80000)
 ParOldGen       total 44032K, used 0K [0x00000000c0000000, 0x00000000c2b00000, 0x00000000eab00000)
  object space 44032K, 0% used [0x00000000c0000000,0x00000000c0000000,0x00000000c2b00000)
 Metaspace       used 3992K, capacity 5296K, committed 5376K, reserved 1056768K
  class space    used 448K, capacity 488K, committed 512K, reserved 1048576K

Card table byte_map: [0x0000000011700000,0x0000000011910000] byte_map_base: 0x0000000011100000

Marking Bits: (ParMarkBitMap*) 0x000000007526a5b0
 Begin Bits: [0x0000000011d70000, 0x0000000012d70000)
 End Bits:   [0x0000000012d70000, 0x0000000013d70000)

Polling page: 0x0000000000410000

CodeCache: size=245760Kb used=1703Kb max_used=1703Kb free=244056Kb
 bounds [0x0000000002340000, 0x00000000025b0000, 0x0000000011340000]
 total_blobs=514 nmethods=265 adapters=164
 compilation: enabled

Compilation events (10 events):
Event: 1.040 Thread 0x000000005490e000 nmethod 210 0x00000000024c17d0 code [0x00000000024c19c0, 0x00000000024c2178]
Event: 1.040 Thread 0x000000005490e000  211       3       com.android.dx.cf.iface.StdAttributeList::<init> (6 bytes)
Event: 1.040 Thread 0x000000005490e000 nmethod 211 0x00000000024c2650 code [0x00000000024c27c0, 0x00000000024c2948]
Event: 1.040 Thread 0x000000005490e000  212       3       com.android.dx.cf.direct.AttributeListParser::setObserver (6 bytes)
Event: 1.040 Thread 0x000000005490e000 nmethod 212 0x00000000024c29d0 code [0x00000000024c2b20, 0x00000000024c2c90]
Event: 1.040 Thread 0x000000005490e000  213       3       com.android.dx.cf.direct.AttributeListParser::getEndOffset (9 bytes)
Event: 1.041 Thread 0x000000005490e000 nmethod 213 0x00000000024c2d10 code [0x00000000024c2e80, 0x00000000024c30c8]
Event: 1.041 Thread 0x000000005490e000  214       3       com.android.dx.rop.cst.CstInteger::make (47 bytes)
Event: 1.041 Thread 0x000000005490e000 nmethod 214 0x00000000024c3190 code [0x00000000024c3340, 0x00000000024c3a70]
Event: 1.041 Thread 0x000000005490e000  216       3       com.android.dx.cf.direct.FieldListParser::set (30 bytes)

GC Heap History (0 events):
No events

Deoptimization events (0 events):
No events

Internal exceptions (2 events):
Event: 0.092 Thread 0x0000000001d2d800 Exception <a 'java/lang/NoSuchMethodError': Method sun.misc.Unsafe.defineClass(Ljava/lang/String;[BII)Ljava/lang/Class; name or signature does not match> (0x00000000eab0d0f8) thrown at [C:\re\workspace\8-2-build-windows-amd64-cygwin\jdk8u60\4407\hotspot\sr‰ﬂ¡èù∑?
Event: 0.092 Thread 0x0000000001d2d800 Exception <a 'java/lang/NoSuchMethodError': Method sun.misc.Unsafe.prefetchRead(Ljava/lang/Object;J)V name or signature does not match> (0x00000000eab0d3e0) thrown at [C:\re\workspace\8-2-build-windows-amd64-cygwin\jdk8u60\4407\hotspot\src\share\vm\prims\j

Events (10 events):
Event: 1.010 loading class java/util/TreeMap$PrivateEntryIterator done
Event: 1.010 loading class java/util/TreeMap$ValueIterator done
Event: 1.010 loading class com/android/dx/dex/file/AnnotationItem
Event: 1.010 loading class com/android/dx/dex/file/AnnotationItem done
Event: 1.010 loading class java/util/Collections$UnmodifiableCollection$1
Event: 1.010 loading class java/util/Collections$UnmodifiableCollection$1 done
Event: 1.011 loading class com/android/dx/dex/file/AnnotationItem$TypeIdSorter
Event: 1.011 loading class com/android/dx/dex/file/AnnotationItem$TypeIdSorter done
Event: 1.011 loading class com/android/dx/dex/file/TypeIdItem
Event: 1.011 loading class com/android/dx/dex/file/TypeIdItem done


Dynamic libraries:
0x000000013f910000 - 0x000000013f947000 	E:\jdk1.8.0_60\bin\java.exe
0x0000000077ab0000 - 0x0000000077c59000 	C:\Windows\SYSTEM32\ntdll.dll
0x0000000077990000 - 0x0000000077aaf000 	C:\Windows\system32\kernel32.dll
0x000007fefdbc0000 - 0x000007fefdc2b000 	C:\Windows\system32\KERNELBASE.dll
0x000007feff8f0000 - 0x000007feff9cb000 	C:\Windows\system32\ADVAPI32.dll
0x000007fefdfd0000 - 0x000007fefe06f000 	C:\Windows\system32\msvcrt.dll
0x000007feff600000 - 0x000007feff61f000 	C:\Windows\SYSTEM32\sechost.dll
0x000007feff370000 - 0x000007feff49d000 	C:\Windows\system32\RPCRT4.dll
0x0000000077890000 - 0x000000007798a000 	C:\Windows\system32\USER32.dll
0x000007fefe110000 - 0x000007fefe177000 	C:\Windows\system32\GDI32.dll
0x000007fefe180000 - 0x000007fefe18e000 	C:\Windows\system32\LPK.dll
0x000007fefdda0000 - 0x000007fefde69000 	C:\Windows\system32\USP10.dll
0x000007fefbf00000 - 0x000007fefc0f4000 	C:\Windows\WinSxS\amd64_microsoft.windows.common-controls_6595b64144ccf1df_6.0.7601.17514_none_fa396087175ac9ac\COMCTL32.dll
0x000007feff2e0000 - 0x000007feff351000 	C:\Windows\system32\SHLWAPI.dll
0x000007feff680000 - 0x000007feff6ae000 	C:\Windows\system32\IMM32.DLL
0x000007fefdc90000 - 0x000007fefdd99000 	C:\Windows\system32\MSCTF.dll
0x0000000073bd0000 - 0x0000000073ca2000 	E:\jdk1.8.0_60\jre\bin\msvcr100.dll
0x0000000074a60000 - 0x00000000752e9000 	E:\jdk1.8.0_60\jre\bin\server\jvm.dll
0x000007fef0d70000 - 0x000007fef0d79000 	C:\Windows\system32\WSOCK32.dll
0x000007fefe190000 - 0x000007fefe1dd000 	C:\Windows\system32\WS2_32.dll
0x000007feff360000 - 0x000007feff368000 	C:\Windows\system32\NSI.dll
0x000007fef94a0000 - 0x000007fef94db000 	C:\Windows\system32\WINMM.dll
0x000007fefc9c0000 - 0x000007fefc9cc000 	C:\Windows\system32\VERSION.dll
0x0000000077c70000 - 0x0000000077c77000 	C:\Windows\system32\PSAPI.DLL
0x0000000075680000 - 0x000000007568f000 	E:\jdk1.8.0_60\jre\bin\verify.dll
0x0000000075650000 - 0x0000000075679000 	E:\jdk1.8.0_60\jre\bin\java.dll
0x0000000075630000 - 0x0000000075646000 	E:\jdk1.8.0_60\jre\bin\zip.dll
0x000007fefe550000 - 0x000007feff2d8000 	C:\Windows\system32\SHELL32.dll
0x000007feff9d0000 - 0x000007feffbd3000 	C:\Windows\system32\ole32.dll
0x000007fefd860000 - 0x000007fefd86f000 	C:\Windows\system32\profapi.dll

VM Arguments:
jvm_args: -Djava.awt.headless=true -Xmx1024M -Dfile.encoding=windows-1252 -Duser.country=US -Duser.language=en -Duser.variant 
java_command: com.android.dx.command.Main --dex --force-jumbo --num-threads=4 --multi-dex --output C:\Users\Administrator\AndroidStudioProjects\AudioNotification\app\build\intermediates\transforms\dex\debug\folders\1000\5\slice_2 C:\Users\Administrator\AndroidStudioProjects\AudioNotification\app\build\intermediates\transforms\instantRunSlicer\debug\folders\1\5\slice_2
java_class_path (initial): C:\Users\Administrator\AppData\Local\Android\sdk\build-tools\24.0.0\lib\dx.jar
Launcher Type: SUN_STANDARD

Environment Variables:
PATH=C:\ProgramData\Oracle\Java\javapath;C:\Windows\system32;C:\Windows;C:\Windows\System32\Wbem;C:\Windows\System32\WindowsPowerShell\v1.0\;E:\Git\cmd;E:\Git\mingw64\bin;E:\Git\usr\bin
USERNAME=Administrator
OS=Windows_NT
PROCESSOR_IDENTIFIER=Intel64 Family 6 Model 23 Stepping 10, GenuineIntel



---------------  S Y S T E M  ---------------

OS:Failed to allocate version_info

CPU:total 2 (2 cores per cpu, 1 threads per core) family 6 model 23 stepping 10, cmov, cx8, fxsr, mmx, sse, sse2, sse3, ssse3, sse4.1, tsc

Memory: 4k page, physical 4157944k(564120k free), swap 4157944k(5084k free)

vm_info: Java HotSpot(TM) 64-Bit Server VM (25.60-b23) for windows-amd64 JRE (1.8.0_60-b27), built on Aug  4 2015 11:06:27 by "java_re" with MS VC++ 10.0 (VS2010)

time: Mon Jul 25 11:35:41 2016
elapsed time: 1 seconds (0d 0h 0m 1s)

