#
# There is insufficient memory for the Java Runtime Environment to continue.
# Native memory allocation (malloc) failed to allocate 32744 bytes for ChunkPool::allocate
# Possible reasons:
#   The system is out of physical RAM or swap space
#   In 32 bit mode, the process size limit was hit
# Possible solutions:
#   Reduce memory load on the system
#   Increase physical memory or swap space
#   Check if swap backing store is full
#   Use 64 bit Java on a 64 bit OS
#   Decrease Java heap size (-Xmx/-Xms)
#   Decrease number of Java threads
#   Decrease Java thread stack sizes (-Xss)
#   Set larger code cache with -XX:ReservedCodeCacheSize=
# This output file may be truncated or incomplete.
#
#  Out of Memory Error (allocation.cpp:273), pid=3112, tid=4020
#
# JRE version: Java(TM) SE Runtime Environment (8.0_60-b27) (build 1.8.0_60-b27)
# Java VM: Java HotSpot(TM) 64-Bit Server VM (25.60-b23 mixed mode windows-amd64 compressed oops)
# Failed to write core dump. Minidumps are not enabled by default on client versions of Windows
#

---------------  T H R E A D  ---------------

Current thread (0x0000000054a25800):  JavaThread "C1 CompilerThread1" daemon [_thread_in_native, id=4020, stack(0x0000000055d80000,0x0000000055e80000)]

Stack: [0x0000000055d80000,0x0000000055e80000]
[error occurred during error reporting (printing stack bounds), id 0xc0000005]

Native frames: (J=compiled Java code, j=interpreted, Vv=VM code, C=native code)


Current CompileTask:
C1:  15799 2190       3       com.android.dx.cf.direct.StdAttributeFactory::innerClasses (383 bytes)


---------------  P R O C E S S  ---------------

Java Threads: ( => current thread )
  0x00000000560ac000 JavaThread "pool-2-thread-4" [_thread_blocked, id=2020, stack(0x0000000056c00000,0x0000000056d00000)]
  0x00000000560ab000 JavaThread "pool-2-thread-3" [_thread_blocked, id=3964, stack(0x0000000055530000,0x0000000055630000)]
  0x00000000560a8000 JavaThread "pool-2-thread-2" [_thread_blocked, id=208, stack(0x0000000056ab0000,0x0000000056bb0000)]
  0x00000000560a4000 JavaThread "pool-3-thread-1" [_thread_blocked, id=1864, stack(0x00000000568c0000,0x00000000569c0000)]
  0x00000000560a2000 JavaThread "pool-2-thread-1" [_thread_blocked, id=2696, stack(0x0000000056740000,0x0000000056840000)]
  0x0000000055e80800 JavaThread "Service Thread" daemon [_thread_blocked, id=2556, stack(0x0000000056360000,0x0000000056460000)]
=>0x0000000054a25800 JavaThread "C1 CompilerThread1" daemon [_thread_in_native, id=4020, stack(0x0000000055d80000,0x0000000055e80000)]
  0x00000000549cc000 JavaThread "C2 CompilerThread0" daemon [_thread_blocked, id=1380, stack(0x0000000055af0000,0x0000000055bf0000)]
  0x00000000549c8800 JavaThread "Attach Listener" daemon [_thread_blocked, id=3540, stack(0x00000000552b0000,0x00000000553b0000)]
  0x00000000549c7800 JavaThread "Signal Dispatcher" daemon [_thread_blocked, id=3548, stack(0x0000000055980000,0x0000000055a80000)]
  0x000000005496d800 JavaThread "Finalizer" daemon [_thread_blocked, id=2208, stack(0x00000000557d0000,0x00000000558d0000)]
  0x0000000054964800 JavaThread "Reference Handler" daemon [_thread_blocked, id=3808, stack(0x0000000055630000,0x0000000055730000)]
  0x0000000001d1d800 JavaThread "main" [_thread_in_vm, id=2956, stack(0x0000000002270000,0x0000000002370000)]

Other Threads:
  0x000000005495d000 VMThread [stack: 0x0000000055430000,0x0000000055530000] [id=2128]
  0x0000000055e89800 WatcherThread [stack: 0x0000000056560000,0x0000000056660000] [id=3552]

VM state:not at safepoint (normal execution)

VM Mutex/Monitor currently owned by a thread: None

Heap:
 PSYoungGen      total 68096K, used 55716K [0x00000000eab00000, 0x00000000ef000000, 0x0000000100000000)
  eden space 65536K, 81% used [0x00000000eab00000,0x00000000edeede18,0x00000000eeb00000)
  from space 2560K, 99% used [0x00000000eeb00000,0x00000000eed7b350,0x00000000eed80000)
  to   space 2560K, 0% used [0x00000000eed80000,0x00000000eed80000,0x00000000ef000000)
 ParOldGen       total 44032K, used 21939K [0x00000000c0000000, 0x00000000c2b00000, 0x00000000eab00000)
  object space 44032K, 49% used [0x00000000c0000000,0x00000000c156cc50,0x00000000c2b00000)
 Metaspace       used 6343K, capacity 7152K, committed 7296K, reserved 1056768K
  class space    used 601K, capacity 616K, committed 640K, reserved 1048576K

Card table byte_map: [0x0000000011a00000,0x0000000011c10000] byte_map_base: 0x0000000011400000

Marking Bits: (ParMarkBitMap*) 0x000000007476a5b0
 Begin Bits: [0x0000000011e30000, 0x0000000012e30000)
 End Bits:   [0x0000000012e30000, 0x0000000013e30000)

Polling page: 0x0000000001c40000

CodeCache: size=245760Kb used=10698Kb max_used=10709Kb free=235061Kb
 bounds [0x0000000002640000, 0x00000000030c0000, 0x0000000011640000]
 total_blobs=2434 nmethods=2167 adapters=182
 compilation: enabled

Compilation events (10 events):
Event: 15.227 Thread 0x0000000054a25800 2185       3       com.android.dx.rop.type.Type::getInitializedType (42 bytes)
Event: 15.228 Thread 0x0000000054a25800 nmethod 2185 0x00000000030b94d0 code [0x00000000030b96a0, 0x00000000030b9e98]
Event: 15.228 Thread 0x0000000054a25800 2187       3       com.android.dx.rop.type.Type::isArray (19 bytes)
Event: 15.228 Thread 0x0000000054a25800 nmethod 2187 0x00000000030a91d0 code [0x00000000030a9360, 0x00000000030a96e8]
Event: 15.229 Thread 0x0000000054a25800 2188       3       com.android.dx.rop.code.ThrowingInsn::withNewRegisters (21 bytes)
Event: 15.229 Thread 0x00000000549cc000 nmethod 2186 0x00000000030a8e50 code [0x00000000030a8fa0, 0x00000000030a9118]
Event: 15.229 Thread 0x0000000054a25800 nmethod 2188 0x00000000030bca50 code [0x00000000030bcbc0, 0x00000000030bcec8]
Event: 15.354 Thread 0x00000000549cc000 2189       4       java.util.HashMap::newNode (13 bytes)
Event: 15.355 Thread 0x00000000549cc000 nmethod 2189 0x00000000030bb250 code [0x00000000030bb3a0, 0x00000000030bb498]
Event: 15.792 Thread 0x0000000054a25800 2190       3       com.android.dx.cf.direct.StdAttributeFactory::innerClasses (383 bytes)

GC Heap History (10 events):
Event: 0.343 GC heap before
{Heap before GC invocations=1 (full 0):
 PSYoungGen      total 18944K, used 16384K [0x00000000eab00000, 0x00000000ec000000, 0x0000000100000000)
  eden space 16384K, 100% used [0x00000000eab00000,0x00000000ebb00000,0x00000000ebb00000)
  from space 2560K, 0% used [0x00000000ebd80000,0x00000000ebd80000,0x00000000ec000000)
  to   space 2560K, 0% used [0x00000000ebb00000,0x00000000ebb00000,0x00000000ebd80000)
 ParOldGen       total 44032K, used 0K [0x00000000c0000000, 0x00000000c2b00000, 0x00000000eab00000)
  object space 44032K, 0% used [0x00000000c0000000,0x00000000c0000000,0x00000000c2b00000)
 Metaspace       used 3989K, capacity 5168K, committed 5376K, reserved 1056768K
  class space    used 450K, capacity 488K, committed 512K, reserved 1048576K
Event: 0.356 GC heap after
Heap after GC invocations=1 (full 0):
 PSYoungGen      total 18944K, used 1588K [0x00000000eab00000, 0x00000000ed000000, 0x0000000100000000)
  eden space 16384K, 0% used [0x00000000eab00000,0x00000000eab00000,0x00000000ebb00000)
  from space 2560K, 62% used [0x00000000ebb00000,0x00000000ebc8d230,0x00000000ebd80000)
  to   space 2560K, 0% used [0x00000000ecd80000,0x00000000ecd80000,0x00000000ed000000)
 ParOldGen       total 44032K, used 0K [0x00000000c0000000, 0x00000000c2b00000, 0x00000000eab00000)
  object space 44032K, 0% used [0x00000000c0000000,0x00000000c0000000,0x00000000c2b00000)
 Metaspace       used 3989K, capacity 5168K, committed 5376K, reserved 1056768K
  class space    used 450K, capacity 488K, committed 512K, reserved 1048576K
}
Event: 1.448 GC heap before
{Heap before GC invocations=2 (full 0):
 PSYoungGen      total 18944K, used 17972K [0x00000000eab00000, 0x00000000ed000000, 0x0000000100000000)
  eden space 16384K, 100% used [0x00000000eab00000,0x00000000ebb00000,0x00000000ebb00000)
  from space 2560K, 62% used [0x00000000ebb00000,0x00000000ebc8d230,0x00000000ebd80000)
  to   space 2560K, 0% used [0x00000000ecd80000,0x00000000ecd80000,0x00000000ed000000)
 ParOldGen       total 44032K, used 0K [0x00000000c0000000, 0x00000000c2b00000, 0x00000000eab00000)
  object space 44032K, 0% used [0x00000000c0000000,0x00000000c0000000,0x00000000c2b00000)
 Metaspace       used 5848K, capacity 6768K, committed 7040K, reserved 1056768K
  class space    used 597K, capacity 616K, committed 640K, reserved 1048576K
Event: 1.461 GC heap after
Heap after GC invocations=2 (full 0):
 PSYoungGen      total 35328K, used 2537K [0x00000000eab00000, 0x00000000ed000000, 0x0000000100000000)
  eden space 32768K, 0% used [0x00000000eab00000,0x00000000eab00000,0x00000000ecb00000)
  from space 2560K, 99% used [0x00000000ecd80000,0x00000000ecffa7c0,0x00000000ed000000)
  to   space 2560K, 0% used [0x00000000ecb00000,0x00000000ecb00000,0x00000000ecd80000)
 ParOldGen       total 44032K, used 1979K [0x00000000c0000000, 0x00000000c2b00000, 0x00000000eab00000)
  object space 44032K, 4% used [0x00000000c0000000,0x00000000c01eec90,0x00000000c2b00000)
 Metaspace       used 5848K, capacity 6768K, committed 7040K, reserved 1056768K
  class space    used 597K, capacity 616K, committed 640K, reserved 1048576K
}
Event: 3.180 GC heap before
{Heap before GC invocations=3 (full 0):
 PSYoungGen      total 35328K, used 35305K [0x00000000eab00000, 0x00000000ed000000, 0x0000000100000000)
  eden space 32768K, 100% used [0x00000000eab00000,0x00000000ecb00000,0x00000000ecb00000)
  from space 2560K, 99% used [0x00000000ecd80000,0x00000000ecffa7c0,0x00000000ed000000)
  to   space 2560K, 0% used [0x00000000ecb00000,0x00000000ecb00000,0x00000000ecd80000)
 ParOldGen       total 44032K, used 1979K [0x00000000c0000000, 0x00000000c2b00000, 0x00000000eab00000)
  object space 44032K, 4% used [0x00000000c0000000,0x00000000c01eec90,0x00000000c2b00000)
 Metaspace       used 6133K, capacity 7024K, committed 7296K, reserved 1056768K
  class space    used 599K, capacity 616K, committed 640K, reserved 1048576K
Event: 3.200 GC heap after
Heap after GC invocations=3 (full 0):
 PSYoungGen      total 35328K, used 2548K [0x00000000eab00000, 0x00000000ef000000, 0x0000000100000000)
  eden space 32768K, 0% used [0x00000000eab00000,0x00000000eab00000,0x00000000ecb00000)
  from space 2560K, 99% used [0x00000000ecb00000,0x00000000ecd7d328,0x00000000ecd80000)
  to   space 2560K, 0% used [0x00000000eed80000,0x00000000eed80000,0x00000000ef000000)
 ParOldGen       total 44032K, used 6618K [0x00000000c0000000, 0x00000000c2b00000, 0x00000000eab00000)
  object space 44032K, 15% used [0x00000000c0000000,0x00000000c0676ae8,0x00000000c2b00000)
 Metaspace       used 6133K, capacity 7024K, committed 7296K, reserved 1056768K
  class space    used 599K, capacity 616K, committed 640K, reserved 1048576K
}
Event: 4.143 GC heap before
{Heap before GC invocations=4 (full 0):
 PSYoungGen      total 35328K, used 35316K [0x00000000eab00000, 0x00000000ef000000, 0x0000000100000000)
  eden space 32768K, 100% used [0x00000000eab00000,0x00000000ecb00000,0x00000000ecb00000)
  from space 2560K, 99% used [0x00000000ecb00000,0x00000000ecd7d328,0x00000000ecd80000)
  to   space 2560K, 0% used [0x00000000eed80000,0x00000000eed80000,0x00000000ef000000)
 ParOldGen       total 44032K, used 6618K [0x00000000c0000000, 0x00000000c2b00000, 0x00000000eab00000)
  object space 44032K, 15% used [0x00000000c0000000,0x00000000c0676ae8,0x00000000c2b00000)
 Metaspace       used 6173K, capacity 7088K, committed 7296K, reserved 1056768K
  class space    used 599K, capacity 616K, committed 640K, reserved 1048576K
Event: 4.174 GC heap after
Heap after GC invocations=4 (full 0):
 PSYoungGen      total 68096K, used 2529K [0x00000000eab00000, 0x00000000ef000000, 0x0000000100000000)
  eden space 65536K, 0% used [0x00000000eab00000,0x00000000eab00000,0x00000000eeb00000)
  from space 2560K, 98% used [0x00000000eed80000,0x00000000eeff85d8,0x00000000ef000000)
  to   space 2560K, 0% used [0x00000000eeb00000,0x00000000eeb00000,0x00000000eed80000)
 ParOldGen       total 44032K, used 10938K [0x00000000c0000000, 0x00000000c2b00000, 0x00000000eab00000)
  object space 44032K, 24% used [0x00000000c0000000,0x00000000c0aaeb58,0x00000000c2b00000)
 Metaspace       used 6173K, capacity 7088K, committed 7296K, reserved 1056768K
  class space    used 599K, capacity 616K, committed 640K, reserved 1048576K
}
Event: 11.372 GC heap before
{Heap before GC invocations=5 (full 0):
 PSYoungGen      total 68096K, used 68065K [0x00000000eab00000, 0x00000000ef000000, 0x0000000100000000)
  eden space 65536K, 100% used [0x00000000eab00000,0x00000000eeb00000,0x00000000eeb00000)
  from space 2560K, 98% used [0x00000000eed80000,0x00000000eeff85d8,0x00000000ef000000)
  to   space 2560K, 0% used [0x00000000eeb00000,0x00000000eeb00000,0x00000000eed80000)
 ParOldGen       total 44032K, used 10938K [0x00000000c0000000, 0x00000000c2b00000, 0x00000000eab00000)
  object space 44032K, 24% used [0x00000000c0000000,0x00000000c0aaeb58,0x00000000c2b00000)
 Metaspace       used 6261K, capacity 7152K, committed 7296K, reserved 1056768K
  class space    used 600K, capacity 616K, committed 640K, reserved 1048576K
Event: 11.835 GC heap after
Heap after GC invocations=5 (full 0):
 PSYoungGen      total 68096K, used 2540K [0x00000000eab00000, 0x00000000ef000000, 0x0000000100000000)
  eden space 65536K, 0% used [0x00000000eab00000,0x00000000eab00000,0x00000000eeb00000)
  from space 2560K, 99% used [0x00000000eeb00000,0x00000000eed7b350,0x00000000eed80000)
  to   space 2560K, 0% used [0x00000000eed80000,0x00000000eed80000,0x00000000ef000000)
 ParOldGen       total 44032K, used 21939K [0x00000000c0000000, 0x00000000c2b00000, 0x00000000eab00000)
  object space 44032K, 49% used [0x00000000c0000000,0x00000000c156cc50,0x00000000c2b00000)
 Metaspace       used 6261K, capacity 7152K, committed 7296K, reserved 1056768K
  class space    used 600K, capacity 616K, committed 640K, reserved 1048576K
}

Deoptimization events (10 events):
Event: 12.721 Thread 0x00000000560a2000 Uncommon trap: reason=unstable_if action=reinterpret pc=0x0000000002eb3094 method=com.android.dx.ssa.SCCP.simulateBranch(Lcom/android/dx/ssa/SsaInsn;)V @ 548
Event: 12.722 Thread 0x00000000560a2000 Uncommon trap: reason=unstable_if action=reinterpret pc=0x0000000002f5368c method=com.android.dx.ssa.SCCP.replaceBranches()V @ 14
Event: 12.798 Thread 0x00000000560a2000 Uncommon trap: reason=class_check action=maybe_recompile pc=0x0000000002ee017c method=com.android.dx.cf.code.BytecodeArray.parseInstruction(ILcom/android/dx/cf/code/BytecodeArray$Visitor;)I @ 1807
Event: 12.798 Thread 0x00000000560a2000 Uncommon trap: reason=class_check action=maybe_recompile pc=0x0000000002ee017c method=com.android.dx.cf.code.BytecodeArray.parseInstruction(ILcom/android/dx/cf/code/BytecodeArray$Visitor;)I @ 1807
Event: 12.798 Thread 0x00000000560a2000 Uncommon trap: reason=class_check action=maybe_recompile pc=0x0000000002ee017c method=com.android.dx.cf.code.BytecodeArray.parseInstruction(ILcom/android/dx/cf/code/BytecodeArray$Visitor;)I @ 1807
Event: 12.798 Thread 0x00000000560a2000 Uncommon trap: reason=class_check action=maybe_recompile pc=0x0000000002edfb80 method=com.android.dx.cf.code.BytecodeArray.parseInstruction(ILcom/android/dx/cf/code/BytecodeArray$Visitor;)I @ 1417
Event: 12.798 Thread 0x00000000560a2000 Uncommon trap: reason=class_check action=maybe_recompile pc=0x0000000002edfb80 method=com.android.dx.cf.code.BytecodeArray.parseInstruction(ILcom/android/dx/cf/code/BytecodeArray$Visitor;)I @ 1417
Event: 12.920 Thread 0x00000000560a2000 Uncommon trap: reason=bimorphic action=maybe_recompile pc=0x0000000002caa5a4 method=com.android.dx.ssa.SCCP.setLatticeValueTo(IILcom/android/dx/rop/cst/Constant;)Z @ 43
Event: 12.923 Thread 0x00000000560a2000 Uncommon trap: reason=class_check action=maybe_recompile pc=0x0000000002958458 method=java.util.HashMap.putVal(ILjava/lang/Object;Ljava/lang/Object;ZZ)Ljava/lang/Object; @ 203
Event: 12.925 Thread 0x00000000560a2000 Uncommon trap: reason=bimorphic action=maybe_recompile pc=0x0000000002caa5a4 method=com.android.dx.ssa.SCCP.setLatticeValueTo(IILcom/android/dx/rop/cst/Constant;)Z @ 43

Internal exceptions (4 events):
Event: 0.032 Thread 0x0000000001d1d800 Exception <a 'java/lang/NoSuchMethodError': Method sun.misc.Unsafe.defineClass(Ljava/lang/String;[BII)Ljava/lang/Class; name or signature does not match> (0x00000000eab0d328) thrown at [C:\re\workspace\8-2-build-windows-amd64-cygwin\jdk8u60\4407\hotspot\srÐÖ¶øà] ?
Event: 0.032 Thread 0x0000000001d1d800 Exception <a 'java/lang/NoSuchMethodError': Method sun.misc.Unsafe.prefetchRead(Ljava/lang/Object;J)V name or signature does not match> (0x00000000eab0d610) thrown at [C:\re\workspace\8-2-build-windows-amd64-cygwin\jdk8u60\4407\hotspot\src\share\vm\prims\jÄË˜=ëû?
Event: 1.745 Thread 0x00000000560a8000 Implicit null exception at 0x00000000028e8212 to 0x00000000028e82c1
Event: 6.350 Thread 0x00000000560a2000 Implicit null exception at 0x0000000002d68c48 to 0x0000000002d6ce99

Events (10 events):
Event: 12.925 Thread 0x00000000560a2000 DEOPT PACKING pc=0x0000000002caa5a4 sp=0x000000005683eb30
Event: 12.925 Thread 0x00000000560a2000 DEOPT UNPACKING pc=0x000000000268556a sp=0x000000005683ead0 mode 2
Event: 13.358 Thread 0x00000000560a2000 DEOPT PACKING pc=0x0000000002fc7071 sp=0x000000005683ecd0
Event: 13.358 Thread 0x00000000560a2000 DEOPT UNPACKING pc=0x00000000026871bf sp=0x000000005683ea60 mode 0
Event: 13.692 Thread 0x00000000560a2000 DEOPT PACKING pc=0x0000000002a31a24 sp=0x000000005683ed50
Event: 13.692 Thread 0x00000000560a2000 DEOPT UNPACKING pc=0x00000000026871bf sp=0x000000005683eb38 mode 0
Event: 15.122 Thread 0x00000000560ab000 DEOPT PACKING pc=0x0000000002b105d5 sp=0x000000005562e8e0
Event: 15.122 Thread 0x00000000560ab000 DEOPT UNPACKING pc=0x00000000026871bf sp=0x000000005562e680 mode 0
Event: 15.227 Thread 0x00000000560ab000 DEOPT PACKING pc=0x0000000002fc7071 sp=0x000000005562eb50
Event: 15.227 Thread 0x00000000560ab000 DEOPT UNPACKING pc=0x00000000026871bf sp=0x000000005562e8e0 mode 0


Dynamic libraries:
0x000000013f180000 - 0x000000013f1b7000 	E:\jdk1.8.0_60\bin\java.exe
0x0000000076fb0000 - 0x0000000077159000 	C:\Windows\SYSTEM32\ntdll.dll
0x0000000076e90000 - 0x0000000076faf000 	C:\Windows\system32\kernel32.dll
0x000007fefcf80000 - 0x000007fefcfeb000 	C:\Windows\system32\KERNELBASE.dll
0x000007fefecb0000 - 0x000007fefed8b000 	C:\Windows\system32\ADVAPI32.dll
0x000007feff220000 - 0x000007feff2bf000 	C:\Windows\system32\msvcrt.dll
0x000007fefee30000 - 0x000007fefee4f000 	C:\Windows\SYSTEM32\sechost.dll
0x000007fefe9d0000 - 0x000007fefeafd000 	C:\Windows\system32\RPCRT4.dll
0x0000000076d90000 - 0x0000000076e8a000 	C:\Windows\system32\USER32.dll
0x000007fefeba0000 - 0x000007fefec07000 	C:\Windows\system32\GDI32.dll
0x000007fefed90000 - 0x000007fefed9e000 	C:\Windows\system32\LPK.dll
0x000007fefd1e0000 - 0x000007fefd2a9000 	C:\Windows\system32\USP10.dll
0x000007fefb400000 - 0x000007fefb5f4000 	C:\Windows\WinSxS\amd64_microsoft.windows.common-controls_6595b64144ccf1df_6.0.7601.17514_none_fa396087175ac9ac\COMCTL32.dll
0x000007fefe540000 - 0x000007fefe5b1000 	C:\Windows\system32\SHLWAPI.dll
0x000007feff190000 - 0x000007feff1be000 	C:\Windows\system32\IMM32.DLL
0x000007fefee50000 - 0x000007fefef59000 	C:\Windows\system32\MSCTF.dll
0x0000000073a50000 - 0x0000000073b22000 	E:\jdk1.8.0_60\jre\bin\msvcr100.dll
0x0000000073f60000 - 0x00000000747e9000 	E:\jdk1.8.0_60\jre\bin\server\jvm.dll
0x000007fef1060000 - 0x000007fef1069000 	C:\Windows\system32\WSOCK32.dll
0x000007fefd190000 - 0x000007fefd1dd000 	C:\Windows\system32\WS2_32.dll
0x000007fefee20000 - 0x000007fefee28000 	C:\Windows\system32\NSI.dll
0x000007fef8700000 - 0x000007fef873b000 	C:\Windows\system32\WINMM.dll
0x000007fefbec0000 - 0x000007fefbecc000 	C:\Windows\system32\VERSION.dll
0x0000000077180000 - 0x0000000077187000 	C:\Windows\system32\PSAPI.DLL
0x0000000074b80000 - 0x0000000074b8f000 	E:\jdk1.8.0_60\jre\bin\verify.dll
0x0000000074b50000 - 0x0000000074b79000 	E:\jdk1.8.0_60\jre\bin\java.dll
0x0000000074b30000 - 0x0000000074b46000 	E:\jdk1.8.0_60\jre\bin\zip.dll
0x000007fefd2b0000 - 0x000007fefe038000 	C:\Windows\system32\SHELL32.dll
0x000007fefef80000 - 0x000007feff183000 	C:\Windows\system32\ole32.dll
0x000007fefcd60000 - 0x000007fefcd6f000 	C:\Windows\system32\profapi.dll

VM Arguments:
jvm_args: -Djava.awt.headless=true -Xmx1024M -Dfile.encoding=windows-1252 -Duser.country=US -Duser.language=en -Duser.variant 
java_command: com.android.dx.command.Main --dex --force-jumbo --num-threads=4 --multi-dex --output C:\Users\Administrator\AndroidStudioProjects\AudioNotification\app\build\intermediates\transforms\dex\debug\folders\1000\10\com.android.support-support-v4-23.4.0_7564b571504aab944181dedf3bc6106754c65540 C:\Users\Administrator\AndroidStudioProjects\AudioNotification\app\build\intermediates\exploded-aar\com.android.support\support-v4\23.4.0\jars\classes.jar
java_class_path (initial): C:\Users\Administrator\AppData\Local\Android\sdk\build-tools\24.0.0\lib\dx.jar
Launcher Type: SUN_STANDARD

Environment Variables:
PATH=C:\ProgramData\Oracle\Java\javapath;C:\Windows\system32;C:\Windows;C:\Windows\System32\Wbem;C:\Windows\System32\WindowsPowerShell\v1.0\;E:\Git\cmd;E:\Git\mingw64\bin;E:\Git\usr\bin
USERNAME=Administrator
OS=Windows_NT
PROCESSOR_IDENTIFIER=Intel64 Family 6 Model 23 Stepping 10, GenuineIntel



---------------  S Y S T E M  ---------------

OS: Windows 7 , 64 bit Build 7601 (6.1.7601.18015)

CPU:total 2 (2 cores per cpu, 1 threads per core) family 6 model 23 stepping 10, cmov, cx8, fxsr, mmx, sse, sse2, sse3, ssse3, sse4.1, tsc

Memory: 4k page, physical 4157944k(588952k free), swap 4157944k(5104k free)

vm_info: Java HotSpot(TM) 64-Bit Server VM (25.60-b23) for windows-amd64 JRE (1.8.0_60-b27), built on Aug  4 2015 11:06:27 by "java_re" with MS VC++ 10.0 (VS2010)

time: Mon Jul 25 14:27:21 2016
elapsed time: 15 seconds (0d 0h 0m 15s)

